==2437== Memcheck, a memory error detector
==2437== Copyright (C) 2002-2022, and GNU GPL'd, by Julian Seward et al.
==2437== Using Valgrind-3.22.0 and LibVEX; rerun with -h for copyright info
==2437== Command: ./a.out
==2437== Parent PID: 2034
==2437== 
==2437== 
==2437== HEAP SUMMARY:
==2437==     in use at exit: 228,797 bytes in 235 blocks
==2437==   total heap usage: 474 allocs, 239 frees, 255,941 bytes allocated
==2437== 
==2437== 5 bytes in 1 blocks are still reachable in loss record 1 of 75
==2437==    at 0x4846828: malloc (in /usr/libexec/valgrind/vgpreload_memcheck-amd64-linux.so)
==2437==    by 0x48A30EC: xmalloc (in /usr/lib/x86_64-linux-gnu/libreadline.so.8.2)
==2437==    by 0x487E458: rl_set_prompt (in /usr/lib/x86_64-linux-gnu/libreadline.so.8.2)
==2437==    by 0x488A891: readline (in /usr/lib/x86_64-linux-gnu/libreadline.so.8.2)
==2437==    by 0x109442: main (main.c:83)
==2437== 
{
   <insert_a_suppression_name_here>
   Memcheck:Leak
   match-leak-kinds: reachable
   fun:malloc
   fun:xmalloc
   fun:rl_set_prompt
   fun:readline
   fun:main
}
==2437== 5 bytes in 1 blocks are still reachable in loss record 2 of 75
==2437==    at 0x4846828: malloc (in /usr/libexec/valgrind/vgpreload_memcheck-amd64-linux.so)
==2437==    by 0x48A30EC: xmalloc (in /usr/lib/x86_64-linux-gnu/libreadline.so.8.2)
==2437==    by 0x487FE37: readline_internal_teardown (in /usr/lib/x86_64-linux-gnu/libreadline.so.8.2)
==2437==    by 0x488A8EA: readline (in /usr/lib/x86_64-linux-gnu/libreadline.so.8.2)
==2437==    by 0x109442: main (main.c:83)
==2437== 
{
   <insert_a_suppression_name_here>
   Memcheck:Leak
   match-leak-kinds: reachable
   fun:malloc
   fun:xmalloc
   fun:readline_internal_teardown
   fun:readline
   fun:main
}
==2437== 5 bytes in 1 blocks are still reachable in loss record 3 of 75
==2437==    at 0x4846828: malloc (in /usr/libexec/valgrind/vgpreload_memcheck-amd64-linux.so)
==2437==    by 0x48A30EC: xmalloc (in /usr/lib/x86_64-linux-gnu/libreadline.so.8.2)
==2437==    by 0x488F389: ??? (in /usr/lib/x86_64-linux-gnu/libreadline.so.8.2)
==2437==    by 0x488FCCD: rl_expand_prompt (in /usr/lib/x86_64-linux-gnu/libreadline.so.8.2)
==2437==    by 0x487E47F: rl_set_prompt (in /usr/lib/x86_64-linux-gnu/libreadline.so.8.2)
==2437==    by 0x488A891: readline (in /usr/lib/x86_64-linux-gnu/libreadline.so.8.2)
==2437==    by 0x109442: main (main.c:83)
==2437== 
{
   <insert_a_suppression_name_here>
   Memcheck:Leak
   match-leak-kinds: reachable
   fun:malloc
   fun:xmalloc
   obj:/usr/lib/x86_64-linux-gnu/libreadline.so.8.2
   fun:rl_expand_prompt
   fun:rl_set_prompt
   fun:readline
   fun:main
}
==2437== 8 bytes in 1 blocks are still reachable in loss record 4 of 75
==2437==    at 0x4846828: malloc (in /usr/libexec/valgrind/vgpreload_memcheck-amd64-linux.so)
==2437==    by 0x497035E: strdup (strdup.c:42)
==2437==    by 0x4AEDFE7: _nc_trim_sgr0 (in /usr/lib/x86_64-linux-gnu/libtinfo.so.6.4)
==2437==    by 0x4AEA9B7: tgetent_sp (in /usr/lib/x86_64-linux-gnu/libtinfo.so.6.4)
==2437==    by 0x489ECE4: _rl_init_terminal_io (in /usr/lib/x86_64-linux-gnu/libreadline.so.8.2)
==2437==    by 0x488A5D7: rl_initialize (in /usr/lib/x86_64-linux-gnu/libreadline.so.8.2)
==2437==    by 0x488A896: readline (in /usr/lib/x86_64-linux-gnu/libreadline.so.8.2)
==2437==    by 0x109442: main (main.c:83)
==2437== 
{
   <insert_a_suppression_name_here>
   Memcheck:Leak
   match-leak-kinds: reachable
   fun:malloc
   fun:strdup
   fun:_nc_trim_sgr0
   fun:tgetent_sp
   fun:_rl_init_terminal_io
   fun:rl_initialize
   fun:readline
   fun:main
}
==2437== 8 bytes in 1 blocks are still reachable in loss record 5 of 75
==2437==    at 0x484DB80: realloc (in /usr/libexec/valgrind/vgpreload_memcheck-amd64-linux.so)
==2437==    by 0x48A3C81: xrealloc (in /usr/lib/x86_64-linux-gnu/libreadline.so.8.2)
==2437==    by 0x488F3BE: ??? (in /usr/lib/x86_64-linux-gnu/libreadline.so.8.2)
==2437==    by 0x488FCCD: rl_expand_prompt (in /usr/lib/x86_64-linux-gnu/libreadline.so.8.2)
==2437==    by 0x487E47F: rl_set_prompt (in /usr/lib/x86_64-linux-gnu/libreadline.so.8.2)
==2437==    by 0x488A891: readline (in /usr/lib/x86_64-linux-gnu/libreadline.so.8.2)
==2437==    by 0x109442: main (main.c:83)
==2437== 
{
   <insert_a_suppression_name_here>
   Memcheck:Leak
   match-leak-kinds: reachable
   fun:realloc
   fun:xrealloc
   obj:/usr/lib/x86_64-linux-gnu/libreadline.so.8.2
   fun:rl_expand_prompt
   fun:rl_set_prompt
   fun:readline
   fun:main
}
==2437== 8 bytes in 1 blocks are still reachable in loss record 6 of 75
==2437==    at 0x4846828: malloc (in /usr/libexec/valgrind/vgpreload_memcheck-amd64-linux.so)
==2437==    by 0x48A30EC: xmalloc (in /usr/lib/x86_64-linux-gnu/libreadline.so.8.2)
==2437==    by 0x489D3EB: _rl_init_locale (in /usr/lib/x86_64-linux-gnu/libreadline.so.8.2)
==2437==    by 0x489D55C: _rl_reset_locale (in /usr/lib/x86_64-linux-gnu/libreadline.so.8.2)
==2437==    by 0x488A794: rl_initialize (in /usr/lib/x86_64-linux-gnu/libreadline.so.8.2)
==2437==    by 0x488A896: readline (in /usr/lib/x86_64-linux-gnu/libreadline.so.8.2)
==2437==    by 0x109442: main (main.c:83)
==2437== 
{
   <insert_a_suppression_name_here>
   Memcheck:Leak
   match-leak-kinds: reachable
   fun:malloc
   fun:xmalloc
   fun:_rl_init_locale
   fun:_rl_reset_locale
   fun:rl_initialize
   fun:readline
   fun:main
}
==2437== 9 bytes in 1 blocks are still reachable in loss record 7 of 75
==2437==    at 0x4846828: malloc (in /usr/libexec/valgrind/vgpreload_memcheck-amd64-linux.so)
==2437==    by 0x48A30EC: xmalloc (in /usr/lib/x86_64-linux-gnu/libreadline.so.8.2)
==2437==    by 0x489E919: _rl_reset_region_color (in /usr/lib/x86_64-linux-gnu/libreadline.so.8.2)
==2437==    by 0x489EE6B: _rl_init_terminal_io (in /usr/lib/x86_64-linux-gnu/libreadline.so.8.2)
==2437==    by 0x488A5D7: rl_initialize (in /usr/lib/x86_64-linux-gnu/libreadline.so.8.2)
==2437==    by 0x488A896: readline (in /usr/lib/x86_64-linux-gnu/libreadline.so.8.2)
==2437==    by 0x109442: main (main.c:83)
==2437== 
{
   <insert_a_suppression_name_here>
   Memcheck:Leak
   match-leak-kinds: reachable
   fun:malloc
   fun:xmalloc
   fun:_rl_reset_region_color
   fun:_rl_init_terminal_io
   fun:rl_initialize
   fun:readline
   fun:main
}
==2437== 11 bytes in 1 blocks are still reachable in loss record 8 of 75
==2437==    at 0x4846828: malloc (in /usr/libexec/valgrind/vgpreload_memcheck-amd64-linux.so)
==2437==    by 0x48A30EC: xmalloc (in /usr/lib/x86_64-linux-gnu/libreadline.so.8.2)
==2437==    by 0x489E919: _rl_reset_region_color (in /usr/lib/x86_64-linux-gnu/libreadline.so.8.2)
==2437==    by 0x489EE7C: _rl_init_terminal_io (in /usr/lib/x86_64-linux-gnu/libreadline.so.8.2)
==2437==    by 0x488A5D7: rl_initialize (in /usr/lib/x86_64-linux-gnu/libreadline.so.8.2)
==2437==    by 0x488A896: readline (in /usr/lib/x86_64-linux-gnu/libreadline.so.8.2)
==2437==    by 0x109442: main (main.c:83)
==2437== 
{
   <insert_a_suppression_name_here>
   Memcheck:Leak
   match-leak-kinds: reachable
   fun:malloc
   fun:xmalloc
   fun:_rl_reset_region_color
   fun:_rl_init_terminal_io
   fun:rl_initialize
   fun:readline
   fun:main
}
==2437== 13 bytes in 1 blocks are still reachable in loss record 9 of 75
==2437==    at 0x4846828: malloc (in /usr/libexec/valgrind/vgpreload_memcheck-amd64-linux.so)
==2437==    by 0x497035E: strdup (strdup.c:42)
==2437==    by 0x4ADD2D0: ??? (in /usr/lib/x86_64-linux-gnu/libtinfo.so.6.4)
==2437==    by 0x4ADFF9D: _nc_first_db (in /usr/lib/x86_64-linux-gnu/libtinfo.so.6.4)
==2437==    by 0x4AEEA8A: _nc_read_entry2 (in /usr/lib/x86_64-linux-gnu/libtinfo.so.6.4)
==2437==    by 0x4AEA135: ??? (in /usr/lib/x86_64-linux-gnu/libtinfo.so.6.4)
==2437==    by 0x4AEA2C5: _nc_setupterm (in /usr/lib/x86_64-linux-gnu/libtinfo.so.6.4)
==2437==    by 0x4AEA7D6: tgetent_sp (in /usr/lib/x86_64-linux-gnu/libtinfo.so.6.4)
==2437==    by 0x489ECE4: _rl_init_terminal_io (in /usr/lib/x86_64-linux-gnu/libreadline.so.8.2)
==2437==    by 0x488A5D7: rl_initialize (in /usr/lib/x86_64-linux-gnu/libreadline.so.8.2)
==2437==    by 0x488A896: readline (in /usr/lib/x86_64-linux-gnu/libreadline.so.8.2)
==2437==    by 0x109442: main (main.c:83)
==2437== 
{
   <insert_a_suppression_name_here>
   Memcheck:Leak
   match-leak-kinds: reachable
   fun:malloc
   fun:strdup
   obj:/usr/lib/x86_64-linux-gnu/libtinfo.so.6.4
   fun:_nc_first_db
   fun:_nc_read_entry2
   obj:/usr/lib/x86_64-linux-gnu/libtinfo.so.6.4
   fun:_nc_setupterm
   fun:tgetent_sp
   fun:_rl_init_terminal_io
   fun:rl_initialize
   fun:readline
   fun:main
}
==2437== 13 bytes in 1 blocks are still reachable in loss record 10 of 75
==2437==    at 0x4846828: malloc (in /usr/libexec/valgrind/vgpreload_memcheck-amd64-linux.so)
==2437==    by 0x48A30EC: xmalloc (in /usr/lib/x86_64-linux-gnu/libreadline.so.8.2)
==2437==    by 0x4890B35: ??? (in /usr/lib/x86_64-linux-gnu/libreadline.so.8.2)
==2437==    by 0x488A600: rl_initialize (in /usr/lib/x86_64-linux-gnu/libreadline.so.8.2)
==2437==    by 0x488A896: readline (in /usr/lib/x86_64-linux-gnu/libreadline.so.8.2)
==2437==    by 0x109442: main (main.c:83)
==2437== 
{
   <insert_a_suppression_name_here>
   Memcheck:Leak
   match-leak-kinds: reachable
   fun:malloc
   fun:xmalloc
   obj:/usr/lib/x86_64-linux-gnu/libreadline.so.8.2
   fun:rl_initialize
   fun:readline
   fun:main
}
==2437== 13 bytes in 1 blocks are definitely lost in loss record 11 of 75
==2437==    at 0x4846828: malloc (in /usr/libexec/valgrind/vgpreload_memcheck-amd64-linux.so)
==2437==    by 0x48A30EC: xmalloc (in /usr/lib/x86_64-linux-gnu/libreadline.so.8.2)
==2437==    by 0x487FE37: readline_internal_teardown (in /usr/lib/x86_64-linux-gnu/libreadline.so.8.2)
==2437==    by 0x488A8EA: readline (in /usr/lib/x86_64-linux-gnu/libreadline.so.8.2)
==2437==    by 0x109442: main (main.c:83)
==2437== 
{
   <insert_a_suppression_name_here>
   Memcheck:Leak
   match-leak-kinds: definite
   fun:malloc
   fun:xmalloc
   fun:readline_internal_teardown
   fun:readline
   fun:main
}
==2437== 14 bytes in 1 blocks are still reachable in loss record 12 of 75
==2437==    at 0x484DB80: realloc (in /usr/libexec/valgrind/vgpreload_memcheck-amd64-linux.so)
==2437==    by 0x4ADE9DC: _nc_doalloc (in /usr/lib/x86_64-linux-gnu/libtinfo.so.6.4)
==2437==    by 0x4AE7657: _nc_tiparm (in /usr/lib/x86_64-linux-gnu/libtinfo.so.6.4)
==2437==    by 0x4AEDF4F: ??? (in /usr/lib/x86_64-linux-gnu/libtinfo.so.6.4)
==2437==    by 0x4AEDFD9: _nc_trim_sgr0 (in /usr/lib/x86_64-linux-gnu/libtinfo.so.6.4)
==2437==    by 0x4AEA9B7: tgetent_sp (in /usr/lib/x86_64-linux-gnu/libtinfo.so.6.4)
==2437==    by 0x489ECE4: _rl_init_terminal_io (in /usr/lib/x86_64-linux-gnu/libreadline.so.8.2)
==2437==    by 0x488A5D7: rl_initialize (in /usr/lib/x86_64-linux-gnu/libreadline.so.8.2)
==2437==    by 0x488A896: readline (in /usr/lib/x86_64-linux-gnu/libreadline.so.8.2)
==2437==    by 0x109442: main (main.c:83)
==2437== 
{
   <insert_a_suppression_name_here>
   Memcheck:Leak
   match-leak-kinds: reachable
   fun:realloc
   fun:_nc_doalloc
   fun:_nc_tiparm
   obj:/usr/lib/x86_64-linux-gnu/libtinfo.so.6.4
   fun:_nc_trim_sgr0
   fun:tgetent_sp
   fun:_rl_init_terminal_io
   fun:rl_initialize
   fun:readline
   fun:main
}
==2437== 15 bytes in 1 blocks are still reachable in loss record 13 of 75
==2437==    at 0x4846828: malloc (in /usr/libexec/valgrind/vgpreload_memcheck-amd64-linux.so)
==2437==    by 0x497035E: strdup (strdup.c:42)
==2437==    by 0x4AEA328: _nc_setupterm (in /usr/lib/x86_64-linux-gnu/libtinfo.so.6.4)
==2437==    by 0x4AEA7D6: tgetent_sp (in /usr/lib/x86_64-linux-gnu/libtinfo.so.6.4)
==2437==    by 0x489ECE4: _rl_init_terminal_io (in /usr/lib/x86_64-linux-gnu/libreadline.so.8.2)
==2437==    by 0x488A5D7: rl_initialize (in /usr/lib/x86_64-linux-gnu/libreadline.so.8.2)
==2437==    by 0x488A896: readline (in /usr/lib/x86_64-linux-gnu/libreadline.so.8.2)
==2437==    by 0x109442: main (main.c:83)
==2437== 
{
   <insert_a_suppression_name_here>
   Memcheck:Leak
   match-leak-kinds: reachable
   fun:malloc
   fun:strdup
   fun:_nc_setupterm
   fun:tgetent_sp
   fun:_rl_init_terminal_io
   fun:rl_initialize
   fun:readline
   fun:main
}
==2437== 16 bytes in 1 blocks are still reachable in loss record 14 of 75
==2437==    at 0x4846828: malloc (in /usr/libexec/valgrind/vgpreload_memcheck-amd64-linux.so)
==2437==    by 0x488A6F1: rl_initialize (in /usr/lib/x86_64-linux-gnu/libreadline.so.8.2)
==2437==    by 0x488A896: readline (in /usr/lib/x86_64-linux-gnu/libreadline.so.8.2)
==2437==    by 0x109442: main (main.c:83)
==2437== 
{
   <insert_a_suppression_name_here>
   Memcheck:Leak
   match-leak-kinds: reachable
   fun:malloc
   fun:rl_initialize
   fun:readline
   fun:main
}
==2437== 20 bytes in 1 blocks are still reachable in loss record 15 of 75
==2437==    at 0x4846828: malloc (in /usr/libexec/valgrind/vgpreload_memcheck-amd64-linux.so)
==2437==    by 0x48A30EC: xmalloc (in /usr/lib/x86_64-linux-gnu/libreadline.so.8.2)
==2437==    by 0x488DB93: ??? (in /usr/lib/x86_64-linux-gnu/libreadline.so.8.2)
==2437==    by 0x48906AB: rl_parse_and_bind (in /usr/lib/x86_64-linux-gnu/libreadline.so.8.2)
==2437==    by 0x4890AAB: ??? (in /usr/lib/x86_64-linux-gnu/libreadline.so.8.2)
==2437==    by 0x488A600: rl_initialize (in /usr/lib/x86_64-linux-gnu/libreadline.so.8.2)
==2437==    by 0x488A896: readline (in /usr/lib/x86_64-linux-gnu/libreadline.so.8.2)
==2437==    by 0x109442: main (main.c:83)
==2437== 
{
   <insert_a_suppression_name_here>
   Memcheck:Leak
   match-leak-kinds: reachable
   fun:malloc
   fun:xmalloc
   obj:/usr/lib/x86_64-linux-gnu/libreadline.so.8.2
   fun:rl_parse_and_bind
   obj:/usr/lib/x86_64-linux-gnu/libreadline.so.8.2
   fun:rl_initialize
   fun:readline
   fun:main
}
==2437== 24 bytes in 1 blocks are still reachable in loss record 16 of 75
==2437==    at 0x4846828: malloc (in /usr/libexec/valgrind/vgpreload_memcheck-amd64-linux.so)
==2437==    by 0x49E44E0: tsearch (tsearch.c:337)
==2437==    by 0x4AE26C7: ??? (in /usr/lib/x86_64-linux-gnu/libtinfo.so.6.4)
==2437==    by 0x4AE7278: _nc_tiparm (in /usr/lib/x86_64-linux-gnu/libtinfo.so.6.4)
==2437==    by 0x4AEDF4F: ??? (in /usr/lib/x86_64-linux-gnu/libtinfo.so.6.4)
==2437==    by 0x4AEDFD9: _nc_trim_sgr0 (in /usr/lib/x86_64-linux-gnu/libtinfo.so.6.4)
==2437==    by 0x4AEA9B7: tgetent_sp (in /usr/lib/x86_64-linux-gnu/libtinfo.so.6.4)
==2437==    by 0x489ECE4: _rl_init_terminal_io (in /usr/lib/x86_64-linux-gnu/libreadline.so.8.2)
==2437==    by 0x488A5D7: rl_initialize (in /usr/lib/x86_64-linux-gnu/libreadline.so.8.2)
==2437==    by 0x488A896: readline (in /usr/lib/x86_64-linux-gnu/libreadline.so.8.2)
==2437==    by 0x109442: main (main.c:83)
==2437== 
{
   <insert_a_suppression_name_here>
   Memcheck:Leak
   match-leak-kinds: reachable
   fun:malloc
   fun:tsearch
   obj:/usr/lib/x86_64-linux-gnu/libtinfo.so.6.4
   fun:_nc_tiparm
   obj:/usr/lib/x86_64-linux-gnu/libtinfo.so.6.4
   fun:_nc_trim_sgr0
   fun:tgetent_sp
   fun:_rl_init_terminal_io
   fun:rl_initialize
   fun:readline
   fun:main
}
==2437== 25 bytes in 1 blocks are still reachable in loss record 17 of 75
==2437==    at 0x4846828: malloc (in /usr/libexec/valgrind/vgpreload_memcheck-amd64-linux.so)
==2437==    by 0x4ADF997: _nc_home_terminfo (in /usr/lib/x86_64-linux-gnu/libtinfo.so.6.4)
==2437==    by 0x4ADFF88: _nc_first_db (in /usr/lib/x86_64-linux-gnu/libtinfo.so.6.4)
==2437==    by 0x4AEEA8A: _nc_read_entry2 (in /usr/lib/x86_64-linux-gnu/libtinfo.so.6.4)
==2437==    by 0x4AEA135: ??? (in /usr/lib/x86_64-linux-gnu/libtinfo.so.6.4)
==2437==    by 0x4AEA2C5: _nc_setupterm (in /usr/lib/x86_64-linux-gnu/libtinfo.so.6.4)
==2437==    by 0x4AEA7D6: tgetent_sp (in /usr/lib/x86_64-linux-gnu/libtinfo.so.6.4)
==2437==    by 0x489ECE4: _rl_init_terminal_io (in /usr/lib/x86_64-linux-gnu/libreadline.so.8.2)
==2437==    by 0x488A5D7: rl_initialize (in /usr/lib/x86_64-linux-gnu/libreadline.so.8.2)
==2437==    by 0x488A896: readline (in /usr/lib/x86_64-linux-gnu/libreadline.so.8.2)
==2437==    by 0x109442: main (main.c:83)
==2437== 
{
   <insert_a_suppression_name_here>
   Memcheck:Leak
   match-leak-kinds: reachable
   fun:malloc
   fun:_nc_home_terminfo
   fun:_nc_first_db
   fun:_nc_read_entry2
   obj:/usr/lib/x86_64-linux-gnu/libtinfo.so.6.4
   fun:_nc_setupterm
   fun:tgetent_sp
   fun:_rl_init_terminal_io
   fun:rl_initialize
   fun:readline
   fun:main
}
==2437== 47 bytes in 1 blocks are still reachable in loss record 18 of 75
==2437==    at 0x484DB80: realloc (in /usr/libexec/valgrind/vgpreload_memcheck-amd64-linux.so)
==2437==    by 0x4ADE9DC: _nc_doalloc (in /usr/lib/x86_64-linux-gnu/libtinfo.so.6.4)
==2437==    by 0x4AED4A8: _nc_read_termtype (in /usr/lib/x86_64-linux-gnu/libtinfo.so.6.4)
==2437==    by 0x4AEE5C1: _nc_read_file_entry (in /usr/lib/x86_64-linux-gnu/libtinfo.so.6.4)
==2437==    by 0x4AEE94C: ??? (in /usr/lib/x86_64-linux-gnu/libtinfo.so.6.4)
==2437==    by 0x4AEEAB0: _nc_read_entry2 (in /usr/lib/x86_64-linux-gnu/libtinfo.so.6.4)
==2437==    by 0x4AEA135: ??? (in /usr/lib/x86_64-linux-gnu/libtinfo.so.6.4)
==2437==    by 0x4AEA2C5: _nc_setupterm (in /usr/lib/x86_64-linux-gnu/libtinfo.so.6.4)
==2437==    by 0x4AEA7D6: tgetent_sp (in /usr/lib/x86_64-linux-gnu/libtinfo.so.6.4)
==2437==    by 0x489ECE4: _rl_init_terminal_io (in /usr/lib/x86_64-linux-gnu/libreadline.so.8.2)
==2437==    by 0x488A5D7: rl_initialize (in /usr/lib/x86_64-linux-gnu/libreadline.so.8.2)
==2437==    by 0x488A896: readline (in /usr/lib/x86_64-linux-gnu/libreadline.so.8.2)
==2437== 
{
   <insert_a_suppression_name_here>
   Memcheck:Leak
   match-leak-kinds: reachable
   fun:realloc
   fun:_nc_doalloc
   fun:_nc_read_termtype
   fun:_nc_read_file_entry
   obj:/usr/lib/x86_64-linux-gnu/libtinfo.so.6.4
   fun:_nc_read_entry2
   obj:/usr/lib/x86_64-linux-gnu/libtinfo.so.6.4
   fun:_nc_setupterm
   fun:tgetent_sp
   fun:_rl_init_terminal_io
   fun:rl_initialize
   fun:readline
}
==2437== 47 bytes in 1 blocks are still reachable in loss record 19 of 75
==2437==    at 0x4846828: malloc (in /usr/libexec/valgrind/vgpreload_memcheck-amd64-linux.so)
==2437==    by 0x4ADE000: ??? (in /usr/lib/x86_64-linux-gnu/libtinfo.so.6.4)
==2437==    by 0x4AEA2F7: _nc_setupterm (in /usr/lib/x86_64-linux-gnu/libtinfo.so.6.4)
==2437==    by 0x4AEA7D6: tgetent_sp (in /usr/lib/x86_64-linux-gnu/libtinfo.so.6.4)
==2437==    by 0x489ECE4: _rl_init_terminal_io (in /usr/lib/x86_64-linux-gnu/libreadline.so.8.2)
==2437==    by 0x488A5D7: rl_initialize (in /usr/lib/x86_64-linux-gnu/libreadline.so.8.2)
==2437==    by 0x488A896: readline (in /usr/lib/x86_64-linux-gnu/libreadline.so.8.2)
==2437==    by 0x109442: main (main.c:83)
==2437== 
{
   <insert_a_suppression_name_here>
   Memcheck:Leak
   match-leak-kinds: reachable
   fun:malloc
   obj:/usr/lib/x86_64-linux-gnu/libtinfo.so.6.4
   fun:_nc_setupterm
   fun:tgetent_sp
   fun:_rl_init_terminal_io
   fun:rl_initialize
   fun:readline
   fun:main
}
==2437== 48 bytes in 1 blocks are still reachable in loss record 20 of 75
==2437==    at 0x484D953: calloc (in /usr/libexec/valgrind/vgpreload_memcheck-amd64-linux.so)
==2437==    by 0x4ADFB9B: _nc_first_db (in /usr/lib/x86_64-linux-gnu/libtinfo.so.6.4)
==2437==    by 0x4AEEA8A: _nc_read_entry2 (in /usr/lib/x86_64-linux-gnu/libtinfo.so.6.4)
==2437==    by 0x4AEA135: ??? (in /usr/lib/x86_64-linux-gnu/libtinfo.so.6.4)
==2437==    by 0x4AEA2C5: _nc_setupterm (in /usr/lib/x86_64-linux-gnu/libtinfo.so.6.4)
==2437==    by 0x4AEA7D6: tgetent_sp (in /usr/lib/x86_64-linux-gnu/libtinfo.so.6.4)
==2437==    by 0x489ECE4: _rl_init_terminal_io (in /usr/lib/x86_64-linux-gnu/libreadline.so.8.2)
==2437==    by 0x488A5D7: rl_initialize (in /usr/lib/x86_64-linux-gnu/libreadline.so.8.2)
==2437==    by 0x488A896: readline (in /usr/lib/x86_64-linux-gnu/libreadline.so.8.2)
==2437==    by 0x109442: main (main.c:83)
==2437== 
{
   <insert_a_suppression_name_here>
   Memcheck:Leak
   match-leak-kinds: reachable
   fun:calloc
   fun:_nc_first_db
   fun:_nc_read_entry2
   obj:/usr/lib/x86_64-linux-gnu/libtinfo.so.6.4
   fun:_nc_setupterm
   fun:tgetent_sp
   fun:_rl_init_terminal_io
   fun:rl_initialize
   fun:readline
   fun:main
}
==2437== 78 bytes in 1 blocks are still reachable in loss record 21 of 75
==2437==    at 0x4846828: malloc (in /usr/libexec/valgrind/vgpreload_memcheck-amd64-linux.so)
==2437==    by 0x4ADE129: ??? (in /usr/lib/x86_64-linux-gnu/libtinfo.so.6.4)
==2437==    by 0x4AEA2F7: _nc_setupterm (in /usr/lib/x86_64-linux-gnu/libtinfo.so.6.4)
==2437==    by 0x4AEA7D6: tgetent_sp (in /usr/lib/x86_64-linux-gnu/libtinfo.so.6.4)
==2437==    by 0x489ECE4: _rl_init_terminal_io (in /usr/lib/x86_64-linux-gnu/libreadline.so.8.2)
==2437==    by 0x488A5D7: rl_initialize (in /usr/lib/x86_64-linux-gnu/libreadline.so.8.2)
==2437==    by 0x488A896: readline (in /usr/lib/x86_64-linux-gnu/libreadline.so.8.2)
==2437==    by 0x109442: main (main.c:83)
==2437== 
{
   <insert_a_suppression_name_here>
   Memcheck:Leak
   match-leak-kinds: reachable
   fun:malloc
   obj:/usr/lib/x86_64-linux-gnu/libtinfo.so.6.4
   fun:_nc_setupterm
   fun:tgetent_sp
   fun:_rl_init_terminal_io
   fun:rl_initialize
   fun:readline
   fun:main
}
==2437== 93 bytes in 1 blocks are still reachable in loss record 22 of 75
==2437==    at 0x4846828: malloc (in /usr/libexec/valgrind/vgpreload_memcheck-amd64-linux.so)
==2437==    by 0x497035E: strdup (strdup.c:42)
==2437==    by 0x4AE26A5: ??? (in /usr/lib/x86_64-linux-gnu/libtinfo.so.6.4)
==2437==    by 0x4AE7278: _nc_tiparm (in /usr/lib/x86_64-linux-gnu/libtinfo.so.6.4)
==2437==    by 0x4AEDF4F: ??? (in /usr/lib/x86_64-linux-gnu/libtinfo.so.6.4)
==2437==    by 0x4AEDFD9: _nc_trim_sgr0 (in /usr/lib/x86_64-linux-gnu/libtinfo.so.6.4)
==2437==    by 0x4AEA9B7: tgetent_sp (in /usr/lib/x86_64-linux-gnu/libtinfo.so.6.4)
==2437==    by 0x489ECE4: _rl_init_terminal_io (in /usr/lib/x86_64-linux-gnu/libreadline.so.8.2)
==2437==    by 0x488A5D7: rl_initialize (in /usr/lib/x86_64-linux-gnu/libreadline.so.8.2)
==2437==    by 0x488A896: readline (in /usr/lib/x86_64-linux-gnu/libreadline.so.8.2)
==2437==    by 0x109442: main (main.c:83)
==2437== 
{
   <insert_a_suppression_name_here>
   Memcheck:Leak
   match-leak-kinds: reachable
   fun:malloc
   fun:strdup
   obj:/usr/lib/x86_64-linux-gnu/libtinfo.so.6.4
   fun:_nc_tiparm
   obj:/usr/lib/x86_64-linux-gnu/libtinfo.so.6.4
   fun:_nc_trim_sgr0
   fun:tgetent_sp
   fun:_rl_init_terminal_io
   fun:rl_initialize
   fun:readline
   fun:main
}
==2437== 94 bytes in 1 blocks are still reachable in loss record 23 of 75
==2437==    at 0x4846828: malloc (in /usr/libexec/valgrind/vgpreload_memcheck-amd64-linux.so)
==2437==    by 0x4ADFAFF: _nc_first_db (in /usr/lib/x86_64-linux-gnu/libtinfo.so.6.4)
==2437==    by 0x4AEEA8A: _nc_read_entry2 (in /usr/lib/x86_64-linux-gnu/libtinfo.so.6.4)
==2437==    by 0x4AEA135: ??? (in /usr/lib/x86_64-linux-gnu/libtinfo.so.6.4)
==2437==    by 0x4AEA2C5: _nc_setupterm (in /usr/lib/x86_64-linux-gnu/libtinfo.so.6.4)
==2437==    by 0x4AEA7D6: tgetent_sp (in /usr/lib/x86_64-linux-gnu/libtinfo.so.6.4)
==2437==    by 0x489ECE4: _rl_init_terminal_io (in /usr/lib/x86_64-linux-gnu/libreadline.so.8.2)
==2437==    by 0x488A5D7: rl_initialize (in /usr/lib/x86_64-linux-gnu/libreadline.so.8.2)
==2437==    by 0x488A896: readline (in /usr/lib/x86_64-linux-gnu/libreadline.so.8.2)
==2437==    by 0x109442: main (main.c:83)
==2437== 
{
   <insert_a_suppression_name_here>
   Memcheck:Leak
   match-leak-kinds: reachable
   fun:malloc
   fun:_nc_first_db
   fun:_nc_read_entry2
   obj:/usr/lib/x86_64-linux-gnu/libtinfo.so.6.4
   fun:_nc_setupterm
   fun:tgetent_sp
   fun:_rl_init_terminal_io
   fun:rl_initialize
   fun:readline
   fun:main
}
==2437== 94 bytes in 1 blocks are still reachable in loss record 24 of 75
==2437==    at 0x4846828: malloc (in /usr/libexec/valgrind/vgpreload_memcheck-amd64-linux.so)
==2437==    by 0x4AE2237: _nc_tparm_analyze (in /usr/lib/x86_64-linux-gnu/libtinfo.so.6.4)
==2437==    by 0x4AE25B2: ??? (in /usr/lib/x86_64-linux-gnu/libtinfo.so.6.4)
==2437==    by 0x4AE7278: _nc_tiparm (in /usr/lib/x86_64-linux-gnu/libtinfo.so.6.4)
==2437==    by 0x4AEDF4F: ??? (in /usr/lib/x86_64-linux-gnu/libtinfo.so.6.4)
==2437==    by 0x4AEDFD9: _nc_trim_sgr0 (in /usr/lib/x86_64-linux-gnu/libtinfo.so.6.4)
==2437==    by 0x4AEA9B7: tgetent_sp (in /usr/lib/x86_64-linux-gnu/libtinfo.so.6.4)
==2437==    by 0x489ECE4: _rl_init_terminal_io (in /usr/lib/x86_64-linux-gnu/libreadline.so.8.2)
==2437==    by 0x488A5D7: rl_initialize (in /usr/lib/x86_64-linux-gnu/libreadline.so.8.2)
==2437==    by 0x488A896: readline (in /usr/lib/x86_64-linux-gnu/libreadline.so.8.2)
==2437==    by 0x109442: main (main.c:83)
==2437== 
{
   <insert_a_suppression_name_here>
   Memcheck:Leak
   match-leak-kinds: reachable
   fun:malloc
   fun:_nc_tparm_analyze
   obj:/usr/lib/x86_64-linux-gnu/libtinfo.so.6.4
   fun:_nc_tiparm
   obj:/usr/lib/x86_64-linux-gnu/libtinfo.so.6.4
   fun:_nc_trim_sgr0
   fun:tgetent_sp
   fun:_rl_init_terminal_io
   fun:rl_initialize
   fun:readline
   fun:main
}
==2437== 156 bytes in 1 blocks are still reachable in loss record 25 of 75
==2437==    at 0x484DB80: realloc (in /usr/libexec/valgrind/vgpreload_memcheck-amd64-linux.so)
==2437==    by 0x4ADE9DC: _nc_doalloc (in /usr/lib/x86_64-linux-gnu/libtinfo.so.6.4)
==2437==    by 0x4AED4C6: _nc_read_termtype (in /usr/lib/x86_64-linux-gnu/libtinfo.so.6.4)
==2437==    by 0x4AEE5C1: _nc_read_file_entry (in /usr/lib/x86_64-linux-gnu/libtinfo.so.6.4)
==2437==    by 0x4AEE94C: ??? (in /usr/lib/x86_64-linux-gnu/libtinfo.so.6.4)
==2437==    by 0x4AEEAB0: _nc_read_entry2 (in /usr/lib/x86_64-linux-gnu/libtinfo.so.6.4)
==2437==    by 0x4AEA135: ??? (in /usr/lib/x86_64-linux-gnu/libtinfo.so.6.4)
==2437==    by 0x4AEA2C5: _nc_setupterm (in /usr/lib/x86_64-linux-gnu/libtinfo.so.6.4)
==2437==    by 0x4AEA7D6: tgetent_sp (in /usr/lib/x86_64-linux-gnu/libtinfo.so.6.4)
==2437==    by 0x489ECE4: _rl_init_terminal_io (in /usr/lib/x86_64-linux-gnu/libreadline.so.8.2)
==2437==    by 0x488A5D7: rl_initialize (in /usr/lib/x86_64-linux-gnu/libreadline.so.8.2)
==2437==    by 0x488A896: readline (in /usr/lib/x86_64-linux-gnu/libreadline.so.8.2)
==2437== 
{
   <insert_a_suppression_name_here>
   Memcheck:Leak
   match-leak-kinds: reachable
   fun:realloc
   fun:_nc_doalloc
   fun:_nc_read_termtype
   fun:_nc_read_file_entry
   obj:/usr/lib/x86_64-linux-gnu/libtinfo.so.6.4
   fun:_nc_read_entry2
   obj:/usr/lib/x86_64-linux-gnu/libtinfo.so.6.4
   fun:_nc_setupterm
   fun:tgetent_sp
   fun:_rl_init_terminal_io
   fun:rl_initialize
   fun:readline
}
==2437== 168 bytes in 1 blocks are still reachable in loss record 26 of 75
==2437==    at 0x484D953: calloc (in /usr/libexec/valgrind/vgpreload_memcheck-amd64-linux.so)
==2437==    by 0x4AE261E: ??? (in /usr/lib/x86_64-linux-gnu/libtinfo.so.6.4)
==2437==    by 0x4AE7278: _nc_tiparm (in /usr/lib/x86_64-linux-gnu/libtinfo.so.6.4)
==2437==    by 0x4AEDF4F: ??? (in /usr/lib/x86_64-linux-gnu/libtinfo.so.6.4)
==2437==    by 0x4AEDFD9: _nc_trim_sgr0 (in /usr/lib/x86_64-linux-gnu/libtinfo.so.6.4)
==2437==    by 0x4AEA9B7: tgetent_sp (in /usr/lib/x86_64-linux-gnu/libtinfo.so.6.4)
==2437==    by 0x489ECE4: _rl_init_terminal_io (in /usr/lib/x86_64-linux-gnu/libreadline.so.8.2)
==2437==    by 0x488A5D7: rl_initialize (in /usr/lib/x86_64-linux-gnu/libreadline.so.8.2)
==2437==    by 0x488A896: readline (in /usr/lib/x86_64-linux-gnu/libreadline.so.8.2)
==2437==    by 0x109442: main (main.c:83)
==2437== 
{
   <insert_a_suppression_name_here>
   Memcheck:Leak
   match-leak-kinds: reachable
   fun:calloc
   obj:/usr/lib/x86_64-linux-gnu/libtinfo.so.6.4
   fun:_nc_tiparm
   obj:/usr/lib/x86_64-linux-gnu/libtinfo.so.6.4
   fun:_nc_trim_sgr0
   fun:tgetent_sp
   fun:_rl_init_terminal_io
   fun:rl_initialize
   fun:readline
   fun:main
}
==2437== 256 bytes in 1 blocks are still reachable in loss record 27 of 75
==2437==    at 0x4846828: malloc (in /usr/libexec/valgrind/vgpreload_memcheck-amd64-linux.so)
==2437==    by 0x48A30EC: xmalloc (in /usr/lib/x86_64-linux-gnu/libreadline.so.8.2)
==2437==    by 0x488A846: rl_initialize (in /usr/lib/x86_64-linux-gnu/libreadline.so.8.2)
==2437==    by 0x488A896: readline (in /usr/lib/x86_64-linux-gnu/libreadline.so.8.2)
==2437==    by 0x109442: main (main.c:83)
==2437== 
{
   <insert_a_suppression_name_here>
   Memcheck:Leak
   match-leak-kinds: reachable
   fun:malloc
   fun:xmalloc
   fun:rl_initialize
   fun:readline
   fun:main
}
==2437== 712 bytes in 1 blocks are still reachable in loss record 28 of 75
==2437==    at 0x484D953: calloc (in /usr/libexec/valgrind/vgpreload_memcheck-amd64-linux.so)
==2437==    by 0x4AED783: _nc_read_termtype (in /usr/lib/x86_64-linux-gnu/libtinfo.so.6.4)
==2437==    by 0x4AEE5C1: _nc_read_file_entry (in /usr/lib/x86_64-linux-gnu/libtinfo.so.6.4)
==2437==    by 0x4AEE94C: ??? (in /usr/lib/x86_64-linux-gnu/libtinfo.so.6.4)
==2437==    by 0x4AEEAB0: _nc_read_entry2 (in /usr/lib/x86_64-linux-gnu/libtinfo.so.6.4)
==2437==    by 0x4AEA135: ??? (in /usr/lib/x86_64-linux-gnu/libtinfo.so.6.4)
==2437==    by 0x4AEA2C5: _nc_setupterm (in /usr/lib/x86_64-linux-gnu/libtinfo.so.6.4)
==2437==    by 0x4AEA7D6: tgetent_sp (in /usr/lib/x86_64-linux-gnu/libtinfo.so.6.4)
==2437==    by 0x489ECE4: _rl_init_terminal_io (in /usr/lib/x86_64-linux-gnu/libreadline.so.8.2)
==2437==    by 0x488A5D7: rl_initialize (in /usr/lib/x86_64-linux-gnu/libreadline.so.8.2)
==2437==    by 0x488A896: readline (in /usr/lib/x86_64-linux-gnu/libreadline.so.8.2)
==2437==    by 0x109442: main (main.c:83)
==2437== 
{
   <insert_a_suppression_name_here>
   Memcheck:Leak
   match-leak-kinds: reachable
   fun:calloc
   fun:_nc_read_termtype
   fun:_nc_read_file_entry
   obj:/usr/lib/x86_64-linux-gnu/libtinfo.so.6.4
   fun:_nc_read_entry2
   obj:/usr/lib/x86_64-linux-gnu/libtinfo.so.6.4
   fun:_nc_setupterm
   fun:tgetent_sp
   fun:_rl_init_terminal_io
   fun:rl_initialize
   fun:readline
   fun:main
}
==2437== 712 bytes in 1 blocks are still reachable in loss record 29 of 75
==2437==    at 0x4846828: malloc (in /usr/libexec/valgrind/vgpreload_memcheck-amd64-linux.so)
==2437==    by 0x4ADE27D: ??? (in /usr/lib/x86_64-linux-gnu/libtinfo.so.6.4)
==2437==    by 0x4AEA2F7: _nc_setupterm (in /usr/lib/x86_64-linux-gnu/libtinfo.so.6.4)
==2437==    by 0x4AEA7D6: tgetent_sp (in /usr/lib/x86_64-linux-gnu/libtinfo.so.6.4)
==2437==    by 0x489ECE4: _rl_init_terminal_io (in /usr/lib/x86_64-linux-gnu/libreadline.so.8.2)
==2437==    by 0x488A5D7: rl_initialize (in /usr/lib/x86_64-linux-gnu/libreadline.so.8.2)
==2437==    by 0x488A896: readline (in /usr/lib/x86_64-linux-gnu/libreadline.so.8.2)
==2437==    by 0x109442: main (main.c:83)
==2437== 
{
   <insert_a_suppression_name_here>
   Memcheck:Leak
   match-leak-kinds: reachable
   fun:malloc
   obj:/usr/lib/x86_64-linux-gnu/libtinfo.so.6.4
   fun:_nc_setupterm
   fun:tgetent_sp
   fun:_rl_init_terminal_io
   fun:rl_initialize
   fun:readline
   fun:main
}
==2437== 760 bytes in 1 blocks are still reachable in loss record 30 of 75
==2437==    at 0x484D953: calloc (in /usr/libexec/valgrind/vgpreload_memcheck-amd64-linux.so)
==2437==    by 0x4AEA26F: _nc_setupterm (in /usr/lib/x86_64-linux-gnu/libtinfo.so.6.4)
==2437==    by 0x4AEA7D6: tgetent_sp (in /usr/lib/x86_64-linux-gnu/libtinfo.so.6.4)
==2437==    by 0x489ECE4: _rl_init_terminal_io (in /usr/lib/x86_64-linux-gnu/libreadline.so.8.2)
==2437==    by 0x488A5D7: rl_initialize (in /usr/lib/x86_64-linux-gnu/libreadline.so.8.2)
==2437==    by 0x488A896: readline (in /usr/lib/x86_64-linux-gnu/libreadline.so.8.2)
==2437==    by 0x109442: main (main.c:83)
==2437== 
{
   <insert_a_suppression_name_here>
   Memcheck:Leak
   match-leak-kinds: reachable
   fun:calloc
   fun:_nc_setupterm
   fun:tgetent_sp
   fun:_rl_init_terminal_io
   fun:rl_initialize
   fun:readline
   fun:main
}
==2437== 1,024 bytes in 1 blocks are still reachable in loss record 31 of 75
==2437==    at 0x4846828: malloc (in /usr/libexec/valgrind/vgpreload_memcheck-amd64-linux.so)
==2437==    by 0x48A3C97: xrealloc (in /usr/lib/x86_64-linux-gnu/libreadline.so.8.2)
==2437==    by 0x488C9C2: ??? (in /usr/lib/x86_64-linux-gnu/libreadline.so.8.2)
==2437==    by 0x488CAB8: ??? (in /usr/lib/x86_64-linux-gnu/libreadline.so.8.2)
==2437==    by 0x48961D6: rl_redisplay (in /usr/lib/x86_64-linux-gnu/libreadline.so.8.2)
==2437==    by 0x487FC6D: readline_internal_setup (in /usr/lib/x86_64-linux-gnu/libreadline.so.8.2)
==2437==    by 0x488A8BA: readline (in /usr/lib/x86_64-linux-gnu/libreadline.so.8.2)
==2437==    by 0x109442: main (main.c:83)
==2437== 
{
   <insert_a_suppression_name_here>
   Memcheck:Leak
   match-leak-kinds: reachable
   fun:malloc
   fun:xrealloc
   obj:/usr/lib/x86_64-linux-gnu/libreadline.so.8.2
   obj:/usr/lib/x86_64-linux-gnu/libreadline.so.8.2
   fun:rl_redisplay
   fun:readline_internal_setup
   fun:readline
   fun:main
}
==2437== 1,024 bytes in 1 blocks are still reachable in loss record 32 of 75
==2437==    at 0x4846828: malloc (in /usr/libexec/valgrind/vgpreload_memcheck-amd64-linux.so)
==2437==    by 0x48A3C97: xrealloc (in /usr/lib/x86_64-linux-gnu/libreadline.so.8.2)
==2437==    by 0x488C9D1: ??? (in /usr/lib/x86_64-linux-gnu/libreadline.so.8.2)
==2437==    by 0x488CAB8: ??? (in /usr/lib/x86_64-linux-gnu/libreadline.so.8.2)
==2437==    by 0x48961D6: rl_redisplay (in /usr/lib/x86_64-linux-gnu/libreadline.so.8.2)
==2437==    by 0x487FC6D: readline_internal_setup (in /usr/lib/x86_64-linux-gnu/libreadline.so.8.2)
==2437==    by 0x488A8BA: readline (in /usr/lib/x86_64-linux-gnu/libreadline.so.8.2)
==2437==    by 0x109442: main (main.c:83)
==2437== 
{
   <insert_a_suppression_name_here>
   Memcheck:Leak
   match-leak-kinds: reachable
   fun:malloc
   fun:xrealloc
   obj:/usr/lib/x86_64-linux-gnu/libreadline.so.8.2
   obj:/usr/lib/x86_64-linux-gnu/libreadline.so.8.2
   fun:rl_redisplay
   fun:readline_internal_setup
   fun:readline
   fun:main
}
==2437== 1,024 bytes in 1 blocks are still reachable in loss record 33 of 75
==2437==    at 0x4846828: malloc (in /usr/libexec/valgrind/vgpreload_memcheck-amd64-linux.so)
==2437==    by 0x48A3C97: xrealloc (in /usr/lib/x86_64-linux-gnu/libreadline.so.8.2)
==2437==    by 0x488C9E8: ??? (in /usr/lib/x86_64-linux-gnu/libreadline.so.8.2)
==2437==    by 0x488CAB8: ??? (in /usr/lib/x86_64-linux-gnu/libreadline.so.8.2)
==2437==    by 0x48961D6: rl_redisplay (in /usr/lib/x86_64-linux-gnu/libreadline.so.8.2)
==2437==    by 0x487FC6D: readline_internal_setup (in /usr/lib/x86_64-linux-gnu/libreadline.so.8.2)
==2437==    by 0x488A8BA: readline (in /usr/lib/x86_64-linux-gnu/libreadline.so.8.2)
==2437==    by 0x109442: main (main.c:83)
==2437== 
{
   <insert_a_suppression_name_here>
   Memcheck:Leak
   match-leak-kinds: reachable
   fun:malloc
   fun:xrealloc
   obj:/usr/lib/x86_64-linux-gnu/libreadline.so.8.2
   obj:/usr/lib/x86_64-linux-gnu/libreadline.so.8.2
   fun:rl_redisplay
   fun:readline_internal_setup
   fun:readline
   fun:main
}
==2437== 1,024 bytes in 1 blocks are still reachable in loss record 34 of 75
==2437==    at 0x4846828: malloc (in /usr/libexec/valgrind/vgpreload_memcheck-amd64-linux.so)
==2437==    by 0x48A3C97: xrealloc (in /usr/lib/x86_64-linux-gnu/libreadline.so.8.2)
==2437==    by 0x488CA01: ??? (in /usr/lib/x86_64-linux-gnu/libreadline.so.8.2)
==2437==    by 0x488CAB8: ??? (in /usr/lib/x86_64-linux-gnu/libreadline.so.8.2)
==2437==    by 0x48961D6: rl_redisplay (in /usr/lib/x86_64-linux-gnu/libreadline.so.8.2)
==2437==    by 0x487FC6D: readline_internal_setup (in /usr/lib/x86_64-linux-gnu/libreadline.so.8.2)
==2437==    by 0x488A8BA: readline (in /usr/lib/x86_64-linux-gnu/libreadline.so.8.2)
==2437==    by 0x109442: main (main.c:83)
==2437== 
{
   <insert_a_suppression_name_here>
   Memcheck:Leak
   match-leak-kinds: reachable
   fun:malloc
   fun:xrealloc
   obj:/usr/lib/x86_64-linux-gnu/libreadline.so.8.2
   obj:/usr/lib/x86_64-linux-gnu/libreadline.so.8.2
   fun:rl_redisplay
   fun:readline_internal_setup
   fun:readline
   fun:main
}
==2437== 1,024 bytes in 1 blocks are still reachable in loss record 35 of 75
==2437==    at 0x4846828: malloc (in /usr/libexec/valgrind/vgpreload_memcheck-amd64-linux.so)
==2437==    by 0x48A30EC: xmalloc (in /usr/lib/x86_64-linux-gnu/libreadline.so.8.2)
==2437==    by 0x488CB17: ??? (in /usr/lib/x86_64-linux-gnu/libreadline.so.8.2)
==2437==    by 0x48961D6: rl_redisplay (in /usr/lib/x86_64-linux-gnu/libreadline.so.8.2)
==2437==    by 0x487FC6D: readline_internal_setup (in /usr/lib/x86_64-linux-gnu/libreadline.so.8.2)
==2437==    by 0x488A8BA: readline (in /usr/lib/x86_64-linux-gnu/libreadline.so.8.2)
==2437==    by 0x109442: main (main.c:83)
==2437== 
{
   <insert_a_suppression_name_here>
   Memcheck:Leak
   match-leak-kinds: reachable
   fun:malloc
   fun:xmalloc
   obj:/usr/lib/x86_64-linux-gnu/libreadline.so.8.2
   fun:rl_redisplay
   fun:readline_internal_setup
   fun:readline
   fun:main
}
==2437== 1,024 bytes in 1 blocks are still reachable in loss record 36 of 75
==2437==    at 0x4846828: malloc (in /usr/libexec/valgrind/vgpreload_memcheck-amd64-linux.so)
==2437==    by 0x48A30EC: xmalloc (in /usr/lib/x86_64-linux-gnu/libreadline.so.8.2)
==2437==    by 0x488CB2E: ??? (in /usr/lib/x86_64-linux-gnu/libreadline.so.8.2)
==2437==    by 0x48961D6: rl_redisplay (in /usr/lib/x86_64-linux-gnu/libreadline.so.8.2)
==2437==    by 0x487FC6D: readline_internal_setup (in /usr/lib/x86_64-linux-gnu/libreadline.so.8.2)
==2437==    by 0x488A8BA: readline (in /usr/lib/x86_64-linux-gnu/libreadline.so.8.2)
==2437==    by 0x109442: main (main.c:83)
==2437== 
{
   <insert_a_suppression_name_here>
   Memcheck:Leak
   match-leak-kinds: reachable
   fun:malloc
   fun:xmalloc
   obj:/usr/lib/x86_64-linux-gnu/libreadline.so.8.2
   fun:rl_redisplay
   fun:readline_internal_setup
   fun:readline
   fun:main
}
==2437== 1,024 bytes in 1 blocks are still reachable in loss record 37 of 75
==2437==    at 0x4846828: malloc (in /usr/libexec/valgrind/vgpreload_memcheck-amd64-linux.so)
==2437==    by 0x48A30EC: xmalloc (in /usr/lib/x86_64-linux-gnu/libreadline.so.8.2)
==2437==    by 0x488CB3D: ??? (in /usr/lib/x86_64-linux-gnu/libreadline.so.8.2)
==2437==    by 0x48961D6: rl_redisplay (in /usr/lib/x86_64-linux-gnu/libreadline.so.8.2)
==2437==    by 0x487FC6D: readline_internal_setup (in /usr/lib/x86_64-linux-gnu/libreadline.so.8.2)
==2437==    by 0x488A8BA: readline (in /usr/lib/x86_64-linux-gnu/libreadline.so.8.2)
==2437==    by 0x109442: main (main.c:83)
==2437== 
{
   <insert_a_suppression_name_here>
   Memcheck:Leak
   match-leak-kinds: reachable
   fun:malloc
   fun:xmalloc
   obj:/usr/lib/x86_64-linux-gnu/libreadline.so.8.2
   fun:rl_redisplay
   fun:readline_internal_setup
   fun:readline
   fun:main
}
==2437== 1,024 bytes in 1 blocks are still reachable in loss record 38 of 75
==2437==    at 0x4846828: malloc (in /usr/libexec/valgrind/vgpreload_memcheck-amd64-linux.so)
==2437==    by 0x48A30EC: xmalloc (in /usr/lib/x86_64-linux-gnu/libreadline.so.8.2)
==2437==    by 0x488CB4C: ??? (in /usr/lib/x86_64-linux-gnu/libreadline.so.8.2)
==2437==    by 0x48961D6: rl_redisplay (in /usr/lib/x86_64-linux-gnu/libreadline.so.8.2)
==2437==    by 0x487FC6D: readline_internal_setup (in /usr/lib/x86_64-linux-gnu/libreadline.so.8.2)
==2437==    by 0x488A8BA: readline (in /usr/lib/x86_64-linux-gnu/libreadline.so.8.2)
==2437==    by 0x109442: main (main.c:83)
==2437== 
{
   <insert_a_suppression_name_here>
   Memcheck:Leak
   match-leak-kinds: reachable
   fun:malloc
   fun:xmalloc
   obj:/usr/lib/x86_64-linux-gnu/libreadline.so.8.2
   fun:rl_redisplay
   fun:readline_internal_setup
   fun:readline
   fun:main
}
==2437== 1,107 bytes in 1 blocks are still reachable in loss record 39 of 75
==2437==    at 0x4846828: malloc (in /usr/libexec/valgrind/vgpreload_memcheck-amd64-linux.so)
==2437==    by 0x4AED66A: _nc_read_termtype (in /usr/lib/x86_64-linux-gnu/libtinfo.so.6.4)
==2437==    by 0x4AEE5C1: _nc_read_file_entry (in /usr/lib/x86_64-linux-gnu/libtinfo.so.6.4)
==2437==    by 0x4AEE94C: ??? (in /usr/lib/x86_64-linux-gnu/libtinfo.so.6.4)
==2437==    by 0x4AEEAB0: _nc_read_entry2 (in /usr/lib/x86_64-linux-gnu/libtinfo.so.6.4)
==2437==    by 0x4AEA135: ??? (in /usr/lib/x86_64-linux-gnu/libtinfo.so.6.4)
==2437==    by 0x4AEA2C5: _nc_setupterm (in /usr/lib/x86_64-linux-gnu/libtinfo.so.6.4)
==2437==    by 0x4AEA7D6: tgetent_sp (in /usr/lib/x86_64-linux-gnu/libtinfo.so.6.4)
==2437==    by 0x489ECE4: _rl_init_terminal_io (in /usr/lib/x86_64-linux-gnu/libreadline.so.8.2)
==2437==    by 0x488A5D7: rl_initialize (in /usr/lib/x86_64-linux-gnu/libreadline.so.8.2)
==2437==    by 0x488A896: readline (in /usr/lib/x86_64-linux-gnu/libreadline.so.8.2)
==2437==    by 0x109442: main (main.c:83)
==2437== 
{
   <insert_a_suppression_name_here>
   Memcheck:Leak
   match-leak-kinds: reachable
   fun:malloc
   fun:_nc_read_termtype
   fun:_nc_read_file_entry
   obj:/usr/lib/x86_64-linux-gnu/libtinfo.so.6.4
   fun:_nc_read_entry2
   obj:/usr/lib/x86_64-linux-gnu/libtinfo.so.6.4
   fun:_nc_setupterm
   fun:tgetent_sp
   fun:_rl_init_terminal_io
   fun:rl_initialize
   fun:readline
   fun:main
}
==2437== 1,108 bytes in 1 blocks are still reachable in loss record 40 of 75
==2437==    at 0x484D953: calloc (in /usr/libexec/valgrind/vgpreload_memcheck-amd64-linux.so)
==2437==    by 0x4ADE418: ??? (in /usr/lib/x86_64-linux-gnu/libtinfo.so.6.4)
==2437==    by 0x4AEA2F7: _nc_setupterm (in /usr/lib/x86_64-linux-gnu/libtinfo.so.6.4)
==2437==    by 0x4AEA7D6: tgetent_sp (in /usr/lib/x86_64-linux-gnu/libtinfo.so.6.4)
==2437==    by 0x489ECE4: _rl_init_terminal_io (in /usr/lib/x86_64-linux-gnu/libreadline.so.8.2)
==2437==    by 0x488A5D7: rl_initialize (in /usr/lib/x86_64-linux-gnu/libreadline.so.8.2)
==2437==    by 0x488A896: readline (in /usr/lib/x86_64-linux-gnu/libreadline.so.8.2)
==2437==    by 0x109442: main (main.c:83)
==2437== 
{
   <insert_a_suppression_name_here>
   Memcheck:Leak
   match-leak-kinds: reachable
   fun:calloc
   obj:/usr/lib/x86_64-linux-gnu/libtinfo.so.6.4
   fun:_nc_setupterm
   fun:tgetent_sp
   fun:_rl_init_terminal_io
   fun:rl_initialize
   fun:readline
   fun:main
}
==2437== 1,536 bytes in 1 blocks are still reachable in loss record 41 of 75
==2437==    at 0x484DB80: realloc (in /usr/libexec/valgrind/vgpreload_memcheck-amd64-linux.so)
==2437==    by 0x48A3C81: xrealloc (in /usr/lib/x86_64-linux-gnu/libreadline.so.8.2)
==2437==    by 0x4880017: rl_add_funmap_entry (in /usr/lib/x86_64-linux-gnu/libreadline.so.8.2)
==2437==    by 0x4880057: rl_initialize_funmap (in /usr/lib/x86_64-linux-gnu/libreadline.so.8.2)
==2437==    by 0x488A5F4: rl_initialize (in /usr/lib/x86_64-linux-gnu/libreadline.so.8.2)
==2437==    by 0x488A896: readline (in /usr/lib/x86_64-linux-gnu/libreadline.so.8.2)
==2437==    by 0x109442: main (main.c:83)
==2437== 
{
   <insert_a_suppression_name_here>
   Memcheck:Leak
   match-leak-kinds: reachable
   fun:realloc
   fun:xrealloc
   fun:rl_add_funmap_entry
   fun:rl_initialize_funmap
   fun:rl_initialize
   fun:readline
   fun:main
}
==2437== 1,664 bytes in 1 blocks are still reachable in loss record 42 of 75
==2437==    at 0x4846828: malloc (in /usr/libexec/valgrind/vgpreload_memcheck-amd64-linux.so)
==2437==    by 0x4AECCFD: _nc_read_termtype (in /usr/lib/x86_64-linux-gnu/libtinfo.so.6.4)
==2437==    by 0x4AEE5C1: _nc_read_file_entry (in /usr/lib/x86_64-linux-gnu/libtinfo.so.6.4)
==2437==    by 0x4AEE94C: ??? (in /usr/lib/x86_64-linux-gnu/libtinfo.so.6.4)
==2437==    by 0x4AEEAB0: _nc_read_entry2 (in /usr/lib/x86_64-linux-gnu/libtinfo.so.6.4)
==2437==    by 0x4AEA135: ??? (in /usr/lib/x86_64-linux-gnu/libtinfo.so.6.4)
==2437==    by 0x4AEA2C5: _nc_setupterm (in /usr/lib/x86_64-linux-gnu/libtinfo.so.6.4)
==2437==    by 0x4AEA7D6: tgetent_sp (in /usr/lib/x86_64-linux-gnu/libtinfo.so.6.4)
==2437==    by 0x489ECE4: _rl_init_terminal_io (in /usr/lib/x86_64-linux-gnu/libreadline.so.8.2)
==2437==    by 0x488A5D7: rl_initialize (in /usr/lib/x86_64-linux-gnu/libreadline.so.8.2)
==2437==    by 0x488A896: readline (in /usr/lib/x86_64-linux-gnu/libreadline.so.8.2)
==2437==    by 0x109442: main (main.c:83)
==2437== 
{
   <insert_a_suppression_name_here>
   Memcheck:Leak
   match-leak-kinds: reachable
   fun:malloc
   fun:_nc_read_termtype
   fun:_nc_read_file_entry
   obj:/usr/lib/x86_64-linux-gnu/libtinfo.so.6.4
   fun:_nc_read_entry2
   obj:/usr/lib/x86_64-linux-gnu/libtinfo.so.6.4
   fun:_nc_setupterm
   fun:tgetent_sp
   fun:_rl_init_terminal_io
   fun:rl_initialize
   fun:readline
   fun:main
}
==2437== 2,032 bytes in 1 blocks are still reachable in loss record 43 of 75
==2437==    at 0x4846828: malloc (in /usr/libexec/valgrind/vgpreload_memcheck-amd64-linux.so)
==2437==    by 0x48A30EC: xmalloc (in /usr/lib/x86_64-linux-gnu/libreadline.so.8.2)
==2437==    by 0x489EF69: _rl_init_terminal_io (in /usr/lib/x86_64-linux-gnu/libreadline.so.8.2)
==2437==    by 0x488A5D7: rl_initialize (in /usr/lib/x86_64-linux-gnu/libreadline.so.8.2)
==2437==    by 0x488A896: readline (in /usr/lib/x86_64-linux-gnu/libreadline.so.8.2)
==2437==    by 0x109442: main (main.c:83)
==2437== 
{
   <insert_a_suppression_name_here>
   Memcheck:Leak
   match-leak-kinds: reachable
   fun:malloc
   fun:xmalloc
   fun:_rl_init_terminal_io
   fun:rl_initialize
   fun:readline
   fun:main
}
==2437== 2,272 bytes in 142 blocks are still reachable in loss record 44 of 75
==2437==    at 0x4846828: malloc (in /usr/libexec/valgrind/vgpreload_memcheck-amd64-linux.so)
==2437==    by 0x48A30EC: xmalloc (in /usr/lib/x86_64-linux-gnu/libreadline.so.8.2)
==2437==    by 0x487FFD0: rl_add_funmap_entry (in /usr/lib/x86_64-linux-gnu/libreadline.so.8.2)
==2437==    by 0x4880057: rl_initialize_funmap (in /usr/lib/x86_64-linux-gnu/libreadline.so.8.2)
==2437==    by 0x488A5F4: rl_initialize (in /usr/lib/x86_64-linux-gnu/libreadline.so.8.2)
==2437==    by 0x488A896: readline (in /usr/lib/x86_64-linux-gnu/libreadline.so.8.2)
==2437==    by 0x109442: main (main.c:83)
==2437== 
{
   <insert_a_suppression_name_here>
   Memcheck:Leak
   match-leak-kinds: reachable
   fun:malloc
   fun:xmalloc
   fun:rl_add_funmap_entry
   fun:rl_initialize_funmap
   fun:rl_initialize
   fun:readline
   fun:main
}
==2437== 2,337 bytes in 1 blocks are still reachable in loss record 45 of 75
==2437==    at 0x4846828: malloc (in /usr/libexec/valgrind/vgpreload_memcheck-amd64-linux.so)
==2437==    by 0x4ADE210: ??? (in /usr/lib/x86_64-linux-gnu/libtinfo.so.6.4)
==2437==    by 0x4AEA2F7: _nc_setupterm (in /usr/lib/x86_64-linux-gnu/libtinfo.so.6.4)
==2437==    by 0x4AEA7D6: tgetent_sp (in /usr/lib/x86_64-linux-gnu/libtinfo.so.6.4)
==2437==    by 0x489ECE4: _rl_init_terminal_io (in /usr/lib/x86_64-linux-gnu/libreadline.so.8.2)
==2437==    by 0x488A5D7: rl_initialize (in /usr/lib/x86_64-linux-gnu/libreadline.so.8.2)
==2437==    by 0x488A896: readline (in /usr/lib/x86_64-linux-gnu/libreadline.so.8.2)
==2437==    by 0x109442: main (main.c:83)
==2437== 
{
   <insert_a_suppression_name_here>
   Memcheck:Leak
   match-leak-kinds: reachable
   fun:malloc
   obj:/usr/lib/x86_64-linux-gnu/libtinfo.so.6.4
   fun:_nc_setupterm
   fun:tgetent_sp
   fun:_rl_init_terminal_io
   fun:rl_initialize
   fun:readline
   fun:main
}
==2437== 4,000 bytes in 1 blocks are still reachable in loss record 46 of 75
==2437==    at 0x484DB80: realloc (in /usr/libexec/valgrind/vgpreload_memcheck-amd64-linux.so)
==2437==    by 0x4ADE9DC: _nc_doalloc (in /usr/lib/x86_64-linux-gnu/libtinfo.so.6.4)
==2437==    by 0x4AED4E4: _nc_read_termtype (in /usr/lib/x86_64-linux-gnu/libtinfo.so.6.4)
==2437==    by 0x4AEE5C1: _nc_read_file_entry (in /usr/lib/x86_64-linux-gnu/libtinfo.so.6.4)
==2437==    by 0x4AEE94C: ??? (in /usr/lib/x86_64-linux-gnu/libtinfo.so.6.4)
==2437==    by 0x4AEEAB0: _nc_read_entry2 (in /usr/lib/x86_64-linux-gnu/libtinfo.so.6.4)
==2437==    by 0x4AEA135: ??? (in /usr/lib/x86_64-linux-gnu/libtinfo.so.6.4)
==2437==    by 0x4AEA2C5: _nc_setupterm (in /usr/lib/x86_64-linux-gnu/libtinfo.so.6.4)
==2437==    by 0x4AEA7D6: tgetent_sp (in /usr/lib/x86_64-linux-gnu/libtinfo.so.6.4)
==2437==    by 0x489ECE4: _rl_init_terminal_io (in /usr/lib/x86_64-linux-gnu/libreadline.so.8.2)
==2437==    by 0x488A5D7: rl_initialize (in /usr/lib/x86_64-linux-gnu/libreadline.so.8.2)
==2437==    by 0x488A896: readline (in /usr/lib/x86_64-linux-gnu/libreadline.so.8.2)
==2437== 
{
   <insert_a_suppression_name_here>
   Memcheck:Leak
   match-leak-kinds: reachable
   fun:realloc
   fun:_nc_doalloc
   fun:_nc_read_termtype
   fun:_nc_read_file_entry
   obj:/usr/lib/x86_64-linux-gnu/libtinfo.so.6.4
   fun:_nc_read_entry2
   obj:/usr/lib/x86_64-linux-gnu/libtinfo.so.6.4
   fun:_nc_setupterm
   fun:tgetent_sp
   fun:_rl_init_terminal_io
   fun:rl_initialize
   fun:readline
}
==2437== 4,000 bytes in 1 blocks are still reachable in loss record 47 of 75
==2437==    at 0x4846828: malloc (in /usr/libexec/valgrind/vgpreload_memcheck-amd64-linux.so)
==2437==    by 0x4ADE021: ??? (in /usr/lib/x86_64-linux-gnu/libtinfo.so.6.4)
==2437==    by 0x4AEA2F7: _nc_setupterm (in /usr/lib/x86_64-linux-gnu/libtinfo.so.6.4)
==2437==    by 0x4AEA7D6: tgetent_sp (in /usr/lib/x86_64-linux-gnu/libtinfo.so.6.4)
==2437==    by 0x489ECE4: _rl_init_terminal_io (in /usr/lib/x86_64-linux-gnu/libreadline.so.8.2)
==2437==    by 0x488A5D7: rl_initialize (in /usr/lib/x86_64-linux-gnu/libreadline.so.8.2)
==2437==    by 0x488A896: readline (in /usr/lib/x86_64-linux-gnu/libreadline.so.8.2)
==2437==    by 0x109442: main (main.c:83)
==2437== 
{
   <insert_a_suppression_name_here>
   Memcheck:Leak
   match-leak-kinds: reachable
   fun:malloc
   obj:/usr/lib/x86_64-linux-gnu/libtinfo.so.6.4
   fun:_nc_setupterm
   fun:tgetent_sp
   fun:_rl_init_terminal_io
   fun:rl_initialize
   fun:readline
   fun:main
}
==2437== 4,080 bytes in 1 blocks are still reachable in loss record 48 of 75
==2437==    at 0x4846828: malloc (in /usr/libexec/valgrind/vgpreload_memcheck-amd64-linux.so)
==2437==    by 0x48A30EC: xmalloc (in /usr/lib/x86_64-linux-gnu/libreadline.so.8.2)
==2437==    by 0x489EF49: _rl_init_terminal_io (in /usr/lib/x86_64-linux-gnu/libreadline.so.8.2)
==2437==    by 0x488A5D7: rl_initialize (in /usr/lib/x86_64-linux-gnu/libreadline.so.8.2)
==2437==    by 0x488A896: readline (in /usr/lib/x86_64-linux-gnu/libreadline.so.8.2)
==2437==    by 0x109442: main (main.c:83)
==2437== 
{
   <insert_a_suppression_name_here>
   Memcheck:Leak
   match-leak-kinds: reachable
   fun:malloc
   fun:xmalloc
   fun:_rl_init_terminal_io
   fun:rl_initialize
   fun:readline
   fun:main
}
==2437== 4,112 bytes in 1 blocks are still reachable in loss record 49 of 75
==2437==    at 0x4846828: malloc (in /usr/libexec/valgrind/vgpreload_memcheck-amd64-linux.so)
==2437==    by 0x48A30EC: xmalloc (in /usr/lib/x86_64-linux-gnu/libreadline.so.8.2)
==2437==    by 0x487E4E1: rl_make_bare_keymap (in /usr/lib/x86_64-linux-gnu/libreadline.so.8.2)
==2437==    by 0x487F398: rl_generic_bind (in /usr/lib/x86_64-linux-gnu/libreadline.so.8.2)
==2437==    by 0x488A315: rl_bind_keyseq_if_unbound_in_map (in /usr/lib/x86_64-linux-gnu/libreadline.so.8.2)
==2437==    by 0x489E7E6: ??? (in /usr/lib/x86_64-linux-gnu/libreadline.so.8.2)
==2437==    by 0x489EE24: _rl_init_terminal_io (in /usr/lib/x86_64-linux-gnu/libreadline.so.8.2)
==2437==    by 0x488A5D7: rl_initialize (in /usr/lib/x86_64-linux-gnu/libreadline.so.8.2)
==2437==    by 0x488A896: readline (in /usr/lib/x86_64-linux-gnu/libreadline.so.8.2)
==2437==    by 0x109442: main (main.c:83)
==2437== 
{
   <insert_a_suppression_name_here>
   Memcheck:Leak
   match-leak-kinds: reachable
   fun:malloc
   fun:xmalloc
   fun:rl_make_bare_keymap
   fun:rl_generic_bind
   fun:rl_bind_keyseq_if_unbound_in_map
   obj:/usr/lib/x86_64-linux-gnu/libreadline.so.8.2
   fun:_rl_init_terminal_io
   fun:rl_initialize
   fun:readline
   fun:main
}
==2437== 4,112 bytes in 1 blocks are still reachable in loss record 50 of 75
==2437==    at 0x4846828: malloc (in /usr/libexec/valgrind/vgpreload_memcheck-amd64-linux.so)
==2437==    by 0x48A30EC: xmalloc (in /usr/lib/x86_64-linux-gnu/libreadline.so.8.2)
==2437==    by 0x487E4E1: rl_make_bare_keymap (in /usr/lib/x86_64-linux-gnu/libreadline.so.8.2)
==2437==    by 0x487F398: rl_generic_bind (in /usr/lib/x86_64-linux-gnu/libreadline.so.8.2)
==2437==    by 0x488A315: rl_bind_keyseq_if_unbound_in_map (in /usr/lib/x86_64-linux-gnu/libreadline.so.8.2)
==2437==    by 0x489E86B: ??? (in /usr/lib/x86_64-linux-gnu/libreadline.so.8.2)
==2437==    by 0x489EE24: _rl_init_terminal_io (in /usr/lib/x86_64-linux-gnu/libreadline.so.8.2)
==2437==    by 0x488A5D7: rl_initialize (in /usr/lib/x86_64-linux-gnu/libreadline.so.8.2)
==2437==    by 0x488A896: readline (in /usr/lib/x86_64-linux-gnu/libreadline.so.8.2)
==2437==    by 0x109442: main (main.c:83)
==2437== 
{
   <insert_a_suppression_name_here>
   Memcheck:Leak
   match-leak-kinds: reachable
   fun:malloc
   fun:xmalloc
   fun:rl_make_bare_keymap
   fun:rl_generic_bind
   fun:rl_bind_keyseq_if_unbound_in_map
   obj:/usr/lib/x86_64-linux-gnu/libreadline.so.8.2
   fun:_rl_init_terminal_io
   fun:rl_initialize
   fun:readline
   fun:main
}
==2437== 4,112 bytes in 1 blocks are still reachable in loss record 51 of 75
==2437==    at 0x4846828: malloc (in /usr/libexec/valgrind/vgpreload_memcheck-amd64-linux.so)
==2437==    by 0x48A30EC: xmalloc (in /usr/lib/x86_64-linux-gnu/libreadline.so.8.2)
==2437==    by 0x487E4E1: rl_make_bare_keymap (in /usr/lib/x86_64-linux-gnu/libreadline.so.8.2)
==2437==    by 0x487F398: rl_generic_bind (in /usr/lib/x86_64-linux-gnu/libreadline.so.8.2)
==2437==    by 0x488A315: rl_bind_keyseq_if_unbound_in_map (in /usr/lib/x86_64-linux-gnu/libreadline.so.8.2)
==2437==    by 0x489E87E: ??? (in /usr/lib/x86_64-linux-gnu/libreadline.so.8.2)
==2437==    by 0x489EE24: _rl_init_terminal_io (in /usr/lib/x86_64-linux-gnu/libreadline.so.8.2)
==2437==    by 0x488A5D7: rl_initialize (in /usr/lib/x86_64-linux-gnu/libreadline.so.8.2)
==2437==    by 0x488A896: readline (in /usr/lib/x86_64-linux-gnu/libreadline.so.8.2)
==2437==    by 0x109442: main (main.c:83)
==2437== 
{
   <insert_a_suppression_name_here>
   Memcheck:Leak
   match-leak-kinds: reachable
   fun:malloc
   fun:xmalloc
   fun:rl_make_bare_keymap
   fun:rl_generic_bind
   fun:rl_bind_keyseq_if_unbound_in_map
   obj:/usr/lib/x86_64-linux-gnu/libreadline.so.8.2
   fun:_rl_init_terminal_io
   fun:rl_initialize
   fun:readline
   fun:main
}
==2437== 4,112 bytes in 1 blocks are still reachable in loss record 52 of 75
==2437==    at 0x4846828: malloc (in /usr/libexec/valgrind/vgpreload_memcheck-amd64-linux.so)
==2437==    by 0x48A30EC: xmalloc (in /usr/lib/x86_64-linux-gnu/libreadline.so.8.2)
==2437==    by 0x487E4E1: rl_make_bare_keymap (in /usr/lib/x86_64-linux-gnu/libreadline.so.8.2)
==2437==    by 0x487F398: rl_generic_bind (in /usr/lib/x86_64-linux-gnu/libreadline.so.8.2)
==2437==    by 0x488A315: rl_bind_keyseq_if_unbound_in_map (in /usr/lib/x86_64-linux-gnu/libreadline.so.8.2)
==2437==    by 0x489E891: ??? (in /usr/lib/x86_64-linux-gnu/libreadline.so.8.2)
==2437==    by 0x489EE24: _rl_init_terminal_io (in /usr/lib/x86_64-linux-gnu/libreadline.so.8.2)
==2437==    by 0x488A5D7: rl_initialize (in /usr/lib/x86_64-linux-gnu/libreadline.so.8.2)
==2437==    by 0x488A896: readline (in /usr/lib/x86_64-linux-gnu/libreadline.so.8.2)
==2437==    by 0x109442: main (main.c:83)
==2437== 
{
   <insert_a_suppression_name_here>
   Memcheck:Leak
   match-leak-kinds: reachable
   fun:malloc
   fun:xmalloc
   fun:rl_make_bare_keymap
   fun:rl_generic_bind
   fun:rl_bind_keyseq_if_unbound_in_map
   obj:/usr/lib/x86_64-linux-gnu/libreadline.so.8.2
   fun:_rl_init_terminal_io
   fun:rl_initialize
   fun:readline
   fun:main
}
==2437== 4,112 bytes in 1 blocks are still reachable in loss record 53 of 75
==2437==    at 0x4846828: malloc (in /usr/libexec/valgrind/vgpreload_memcheck-amd64-linux.so)
==2437==    by 0x48A30EC: xmalloc (in /usr/lib/x86_64-linux-gnu/libreadline.so.8.2)
==2437==    by 0x487E4E1: rl_make_bare_keymap (in /usr/lib/x86_64-linux-gnu/libreadline.so.8.2)
==2437==    by 0x487F398: rl_generic_bind (in /usr/lib/x86_64-linux-gnu/libreadline.so.8.2)
==2437==    by 0x488A315: rl_bind_keyseq_if_unbound_in_map (in /usr/lib/x86_64-linux-gnu/libreadline.so.8.2)
==2437==    by 0x489E86B: ??? (in /usr/lib/x86_64-linux-gnu/libreadline.so.8.2)
==2437==    by 0x489EE30: _rl_init_terminal_io (in /usr/lib/x86_64-linux-gnu/libreadline.so.8.2)
==2437==    by 0x488A5D7: rl_initialize (in /usr/lib/x86_64-linux-gnu/libreadline.so.8.2)
==2437==    by 0x488A896: readline (in /usr/lib/x86_64-linux-gnu/libreadline.so.8.2)
==2437==    by 0x109442: main (main.c:83)
==2437== 
{
   <insert_a_suppression_name_here>
   Memcheck:Leak
   match-leak-kinds: reachable
   fun:malloc
   fun:xmalloc
   fun:rl_make_bare_keymap
   fun:rl_generic_bind
   fun:rl_bind_keyseq_if_unbound_in_map
   obj:/usr/lib/x86_64-linux-gnu/libreadline.so.8.2
   fun:_rl_init_terminal_io
   fun:rl_initialize
   fun:readline
   fun:main
}
==2437== 4,112 bytes in 1 blocks are still reachable in loss record 54 of 75
==2437==    at 0x4846828: malloc (in /usr/libexec/valgrind/vgpreload_memcheck-amd64-linux.so)
==2437==    by 0x48A30EC: xmalloc (in /usr/lib/x86_64-linux-gnu/libreadline.so.8.2)
==2437==    by 0x487E4E1: rl_make_bare_keymap (in /usr/lib/x86_64-linux-gnu/libreadline.so.8.2)
==2437==    by 0x487F398: rl_generic_bind (in /usr/lib/x86_64-linux-gnu/libreadline.so.8.2)
==2437==    by 0x488A315: rl_bind_keyseq_if_unbound_in_map (in /usr/lib/x86_64-linux-gnu/libreadline.so.8.2)
==2437==    by 0x489E87E: ??? (in /usr/lib/x86_64-linux-gnu/libreadline.so.8.2)
==2437==    by 0x489EE30: _rl_init_terminal_io (in /usr/lib/x86_64-linux-gnu/libreadline.so.8.2)
==2437==    by 0x488A5D7: rl_initialize (in /usr/lib/x86_64-linux-gnu/libreadline.so.8.2)
==2437==    by 0x488A896: readline (in /usr/lib/x86_64-linux-gnu/libreadline.so.8.2)
==2437==    by 0x109442: main (main.c:83)
==2437== 
{
   <insert_a_suppression_name_here>
   Memcheck:Leak
   match-leak-kinds: reachable
   fun:malloc
   fun:xmalloc
   fun:rl_make_bare_keymap
   fun:rl_generic_bind
   fun:rl_bind_keyseq_if_unbound_in_map
   obj:/usr/lib/x86_64-linux-gnu/libreadline.so.8.2
   fun:_rl_init_terminal_io
   fun:rl_initialize
   fun:readline
   fun:main
}
==2437== 4,112 bytes in 1 blocks are still reachable in loss record 55 of 75
==2437==    at 0x4846828: malloc (in /usr/libexec/valgrind/vgpreload_memcheck-amd64-linux.so)
==2437==    by 0x48A30EC: xmalloc (in /usr/lib/x86_64-linux-gnu/libreadline.so.8.2)
==2437==    by 0x487E4E1: rl_make_bare_keymap (in /usr/lib/x86_64-linux-gnu/libreadline.so.8.2)
==2437==    by 0x487F398: rl_generic_bind (in /usr/lib/x86_64-linux-gnu/libreadline.so.8.2)
==2437==    by 0x488A315: rl_bind_keyseq_if_unbound_in_map (in /usr/lib/x86_64-linux-gnu/libreadline.so.8.2)
==2437==    by 0x489E891: ??? (in /usr/lib/x86_64-linux-gnu/libreadline.so.8.2)
==2437==    by 0x489EE30: _rl_init_terminal_io (in /usr/lib/x86_64-linux-gnu/libreadline.so.8.2)
==2437==    by 0x488A5D7: rl_initialize (in /usr/lib/x86_64-linux-gnu/libreadline.so.8.2)
==2437==    by 0x488A896: readline (in /usr/lib/x86_64-linux-gnu/libreadline.so.8.2)
==2437==    by 0x109442: main (main.c:83)
==2437== 
{
   <insert_a_suppression_name_here>
   Memcheck:Leak
   match-leak-kinds: reachable
   fun:malloc
   fun:xmalloc
   fun:rl_make_bare_keymap
   fun:rl_generic_bind
   fun:rl_bind_keyseq_if_unbound_in_map
   obj:/usr/lib/x86_64-linux-gnu/libreadline.so.8.2
   fun:_rl_init_terminal_io
   fun:rl_initialize
   fun:readline
   fun:main
}
==2437== 4,112 bytes in 1 blocks are still reachable in loss record 56 of 75
==2437==    at 0x4846828: malloc (in /usr/libexec/valgrind/vgpreload_memcheck-amd64-linux.so)
==2437==    by 0x48A30EC: xmalloc (in /usr/lib/x86_64-linux-gnu/libreadline.so.8.2)
==2437==    by 0x487E4E1: rl_make_bare_keymap (in /usr/lib/x86_64-linux-gnu/libreadline.so.8.2)
==2437==    by 0x487F398: rl_generic_bind (in /usr/lib/x86_64-linux-gnu/libreadline.so.8.2)
==2437==    by 0x488A315: rl_bind_keyseq_if_unbound_in_map (in /usr/lib/x86_64-linux-gnu/libreadline.so.8.2)
==2437==    by 0x489E86B: ??? (in /usr/lib/x86_64-linux-gnu/libreadline.so.8.2)
==2437==    by 0x489EE3C: _rl_init_terminal_io (in /usr/lib/x86_64-linux-gnu/libreadline.so.8.2)
==2437==    by 0x488A5D7: rl_initialize (in /usr/lib/x86_64-linux-gnu/libreadline.so.8.2)
==2437==    by 0x488A896: readline (in /usr/lib/x86_64-linux-gnu/libreadline.so.8.2)
==2437==    by 0x109442: main (main.c:83)
==2437== 
{
   <insert_a_suppression_name_here>
   Memcheck:Leak
   match-leak-kinds: reachable
   fun:malloc
   fun:xmalloc
   fun:rl_make_bare_keymap
   fun:rl_generic_bind
   fun:rl_bind_keyseq_if_unbound_in_map
   obj:/usr/lib/x86_64-linux-gnu/libreadline.so.8.2
   fun:_rl_init_terminal_io
   fun:rl_initialize
   fun:readline
   fun:main
}
==2437== 4,112 bytes in 1 blocks are still reachable in loss record 57 of 75
==2437==    at 0x4846828: malloc (in /usr/libexec/valgrind/vgpreload_memcheck-amd64-linux.so)
==2437==    by 0x48A30EC: xmalloc (in /usr/lib/x86_64-linux-gnu/libreadline.so.8.2)
==2437==    by 0x487E4E1: rl_make_bare_keymap (in /usr/lib/x86_64-linux-gnu/libreadline.so.8.2)
==2437==    by 0x487F398: rl_generic_bind (in /usr/lib/x86_64-linux-gnu/libreadline.so.8.2)
==2437==    by 0x488A315: rl_bind_keyseq_if_unbound_in_map (in /usr/lib/x86_64-linux-gnu/libreadline.so.8.2)
==2437==    by 0x489E87E: ??? (in /usr/lib/x86_64-linux-gnu/libreadline.so.8.2)
==2437==    by 0x489EE3C: _rl_init_terminal_io (in /usr/lib/x86_64-linux-gnu/libreadline.so.8.2)
==2437==    by 0x488A5D7: rl_initialize (in /usr/lib/x86_64-linux-gnu/libreadline.so.8.2)
==2437==    by 0x488A896: readline (in /usr/lib/x86_64-linux-gnu/libreadline.so.8.2)
==2437==    by 0x109442: main (main.c:83)
==2437== 
{
   <insert_a_suppression_name_here>
   Memcheck:Leak
   match-leak-kinds: reachable
   fun:malloc
   fun:xmalloc
   fun:rl_make_bare_keymap
   fun:rl_generic_bind
   fun:rl_bind_keyseq_if_unbound_in_map
   obj:/usr/lib/x86_64-linux-gnu/libreadline.so.8.2
   fun:_rl_init_terminal_io
   fun:rl_initialize
   fun:readline
   fun:main
}
==2437== 4,112 bytes in 1 blocks are still reachable in loss record 58 of 75
==2437==    at 0x4846828: malloc (in /usr/libexec/valgrind/vgpreload_memcheck-amd64-linux.so)
==2437==    by 0x48A30EC: xmalloc (in /usr/lib/x86_64-linux-gnu/libreadline.so.8.2)
==2437==    by 0x487E4E1: rl_make_bare_keymap (in /usr/lib/x86_64-linux-gnu/libreadline.so.8.2)
==2437==    by 0x487F398: rl_generic_bind (in /usr/lib/x86_64-linux-gnu/libreadline.so.8.2)
==2437==    by 0x488A315: rl_bind_keyseq_if_unbound_in_map (in /usr/lib/x86_64-linux-gnu/libreadline.so.8.2)
==2437==    by 0x489E891: ??? (in /usr/lib/x86_64-linux-gnu/libreadline.so.8.2)
==2437==    by 0x489EE3C: _rl_init_terminal_io (in /usr/lib/x86_64-linux-gnu/libreadline.so.8.2)
==2437==    by 0x488A5D7: rl_initialize (in /usr/lib/x86_64-linux-gnu/libreadline.so.8.2)
==2437==    by 0x488A896: readline (in /usr/lib/x86_64-linux-gnu/libreadline.so.8.2)
==2437==    by 0x109442: main (main.c:83)
==2437== 
{
   <insert_a_suppression_name_here>
   Memcheck:Leak
   match-leak-kinds: reachable
   fun:malloc
   fun:xmalloc
   fun:rl_make_bare_keymap
   fun:rl_generic_bind
   fun:rl_bind_keyseq_if_unbound_in_map
   obj:/usr/lib/x86_64-linux-gnu/libreadline.so.8.2
   fun:_rl_init_terminal_io
   fun:rl_initialize
   fun:readline
   fun:main
}
==2437== 4,112 bytes in 1 blocks are still reachable in loss record 59 of 75
==2437==    at 0x4846828: malloc (in /usr/libexec/valgrind/vgpreload_memcheck-amd64-linux.so)
==2437==    by 0x48A30EC: xmalloc (in /usr/lib/x86_64-linux-gnu/libreadline.so.8.2)
==2437==    by 0x487E4E1: rl_make_bare_keymap (in /usr/lib/x86_64-linux-gnu/libreadline.so.8.2)
==2437==    by 0x487F398: rl_generic_bind (in /usr/lib/x86_64-linux-gnu/libreadline.so.8.2)
==2437==    by 0x488A315: rl_bind_keyseq_if_unbound_in_map (in /usr/lib/x86_64-linux-gnu/libreadline.so.8.2)
==2437==    by 0x488A50E: ??? (in /usr/lib/x86_64-linux-gnu/libreadline.so.8.2)
==2437==    by 0x488A64C: rl_initialize (in /usr/lib/x86_64-linux-gnu/libreadline.so.8.2)
==2437==    by 0x488A896: readline (in /usr/lib/x86_64-linux-gnu/libreadline.so.8.2)
==2437==    by 0x109442: main (main.c:83)
==2437== 
{
   <insert_a_suppression_name_here>
   Memcheck:Leak
   match-leak-kinds: reachable
   fun:malloc
   fun:xmalloc
   fun:rl_make_bare_keymap
   fun:rl_generic_bind
   fun:rl_bind_keyseq_if_unbound_in_map
   obj:/usr/lib/x86_64-linux-gnu/libreadline.so.8.2
   fun:rl_initialize
   fun:readline
   fun:main
}
==2437== 4,112 bytes in 1 blocks are still reachable in loss record 60 of 75
==2437==    at 0x4846828: malloc (in /usr/libexec/valgrind/vgpreload_memcheck-amd64-linux.so)
==2437==    by 0x48A30EC: xmalloc (in /usr/lib/x86_64-linux-gnu/libreadline.so.8.2)
==2437==    by 0x487E4E1: rl_make_bare_keymap (in /usr/lib/x86_64-linux-gnu/libreadline.so.8.2)
==2437==    by 0x487F398: rl_generic_bind (in /usr/lib/x86_64-linux-gnu/libreadline.so.8.2)
==2437==    by 0x488A315: rl_bind_keyseq_if_unbound_in_map (in /usr/lib/x86_64-linux-gnu/libreadline.so.8.2)
==2437==    by 0x488A50E: ??? (in /usr/lib/x86_64-linux-gnu/libreadline.so.8.2)
==2437==    by 0x488A65B: rl_initialize (in /usr/lib/x86_64-linux-gnu/libreadline.so.8.2)
==2437==    by 0x488A896: readline (in /usr/lib/x86_64-linux-gnu/libreadline.so.8.2)
==2437==    by 0x109442: main (main.c:83)
==2437== 
{
   <insert_a_suppression_name_here>
   Memcheck:Leak
   match-leak-kinds: reachable
   fun:malloc
   fun:xmalloc
   fun:rl_make_bare_keymap
   fun:rl_generic_bind
   fun:rl_bind_keyseq_if_unbound_in_map
   obj:/usr/lib/x86_64-linux-gnu/libreadline.so.8.2
   fun:rl_initialize
   fun:readline
   fun:main
}
==2437== 4,112 bytes in 1 blocks are still reachable in loss record 61 of 75
==2437==    at 0x4846828: malloc (in /usr/libexec/valgrind/vgpreload_memcheck-amd64-linux.so)
==2437==    by 0x48A30EC: xmalloc (in /usr/lib/x86_64-linux-gnu/libreadline.so.8.2)
==2437==    by 0x487E4E1: rl_make_bare_keymap (in /usr/lib/x86_64-linux-gnu/libreadline.so.8.2)
==2437==    by 0x487F398: rl_generic_bind (in /usr/lib/x86_64-linux-gnu/libreadline.so.8.2)
==2437==    by 0x488A315: rl_bind_keyseq_if_unbound_in_map (in /usr/lib/x86_64-linux-gnu/libreadline.so.8.2)
==2437==    by 0x488A50E: ??? (in /usr/lib/x86_64-linux-gnu/libreadline.so.8.2)
==2437==    by 0x488A67C: rl_initialize (in /usr/lib/x86_64-linux-gnu/libreadline.so.8.2)
==2437==    by 0x488A896: readline (in /usr/lib/x86_64-linux-gnu/libreadline.so.8.2)
==2437==    by 0x109442: main (main.c:83)
==2437== 
{
   <insert_a_suppression_name_here>
   Memcheck:Leak
   match-leak-kinds: reachable
   fun:malloc
   fun:xmalloc
   fun:rl_make_bare_keymap
   fun:rl_generic_bind
   fun:rl_bind_keyseq_if_unbound_in_map
   obj:/usr/lib/x86_64-linux-gnu/libreadline.so.8.2
   fun:rl_initialize
   fun:readline
   fun:main
}
==2437== 7,952 bytes in 1 blocks are still reachable in loss record 62 of 75
==2437==    at 0x484D953: calloc (in /usr/libexec/valgrind/vgpreload_memcheck-amd64-linux.so)
==2437==    by 0x4ADCC77: ??? (in /usr/lib/x86_64-linux-gnu/libtinfo.so.6.4)
==2437==    by 0x4ADE69D: _nc_find_type_entry (in /usr/lib/x86_64-linux-gnu/libtinfo.so.6.4)
==2437==    by 0x4AE13C1: tgetstr_sp (in /usr/lib/x86_64-linux-gnu/libtinfo.so.6.4)
==2437==    by 0x489ED22: _rl_init_terminal_io (in /usr/lib/x86_64-linux-gnu/libreadline.so.8.2)
==2437==    by 0x488A5D7: rl_initialize (in /usr/lib/x86_64-linux-gnu/libreadline.so.8.2)
==2437==    by 0x488A896: readline (in /usr/lib/x86_64-linux-gnu/libreadline.so.8.2)
==2437==    by 0x109442: main (main.c:83)
==2437== 
{
   <insert_a_suppression_name_here>
   Memcheck:Leak
   match-leak-kinds: reachable
   fun:calloc
   obj:/usr/lib/x86_64-linux-gnu/libtinfo.so.6.4
   fun:_nc_find_type_entry
   fun:tgetstr_sp
   fun:_rl_init_terminal_io
   fun:rl_initialize
   fun:readline
   fun:main
}
==2437== 8,224 bytes in 2 blocks are still reachable in loss record 63 of 75
==2437==    at 0x4846828: malloc (in /usr/libexec/valgrind/vgpreload_memcheck-amd64-linux.so)
==2437==    by 0x48A30EC: xmalloc (in /usr/lib/x86_64-linux-gnu/libreadline.so.8.2)
==2437==    by 0x487E4E1: rl_make_bare_keymap (in /usr/lib/x86_64-linux-gnu/libreadline.so.8.2)
==2437==    by 0x487F398: rl_generic_bind (in /usr/lib/x86_64-linux-gnu/libreadline.so.8.2)
==2437==    by 0x488A315: rl_bind_keyseq_if_unbound_in_map (in /usr/lib/x86_64-linux-gnu/libreadline.so.8.2)
==2437==    by 0x489E858: ??? (in /usr/lib/x86_64-linux-gnu/libreadline.so.8.2)
==2437==    by 0x489EE24: _rl_init_terminal_io (in /usr/lib/x86_64-linux-gnu/libreadline.so.8.2)
==2437==    by 0x488A5D7: rl_initialize (in /usr/lib/x86_64-linux-gnu/libreadline.so.8.2)
==2437==    by 0x488A896: readline (in /usr/lib/x86_64-linux-gnu/libreadline.so.8.2)
==2437==    by 0x109442: main (main.c:83)
==2437== 
{
   <insert_a_suppression_name_here>
   Memcheck:Leak
   match-leak-kinds: reachable
   fun:malloc
   fun:xmalloc
   fun:rl_make_bare_keymap
   fun:rl_generic_bind
   fun:rl_bind_keyseq_if_unbound_in_map
   obj:/usr/lib/x86_64-linux-gnu/libreadline.so.8.2
   fun:_rl_init_terminal_io
   fun:rl_initialize
   fun:readline
   fun:main
}
==2437== 8,224 bytes in 2 blocks are still reachable in loss record 64 of 75
==2437==    at 0x4846828: malloc (in /usr/libexec/valgrind/vgpreload_memcheck-amd64-linux.so)
==2437==    by 0x48A30EC: xmalloc (in /usr/lib/x86_64-linux-gnu/libreadline.so.8.2)
==2437==    by 0x487E4E1: rl_make_bare_keymap (in /usr/lib/x86_64-linux-gnu/libreadline.so.8.2)
==2437==    by 0x487F398: rl_generic_bind (in /usr/lib/x86_64-linux-gnu/libreadline.so.8.2)
==2437==    by 0x488A315: rl_bind_keyseq_if_unbound_in_map (in /usr/lib/x86_64-linux-gnu/libreadline.so.8.2)
==2437==    by 0x489E7E6: ??? (in /usr/lib/x86_64-linux-gnu/libreadline.so.8.2)
==2437==    by 0x489EE30: _rl_init_terminal_io (in /usr/lib/x86_64-linux-gnu/libreadline.so.8.2)
==2437==    by 0x488A5D7: rl_initialize (in /usr/lib/x86_64-linux-gnu/libreadline.so.8.2)
==2437==    by 0x488A896: readline (in /usr/lib/x86_64-linux-gnu/libreadline.so.8.2)
==2437==    by 0x109442: main (main.c:83)
==2437== 
{
   <insert_a_suppression_name_here>
   Memcheck:Leak
   match-leak-kinds: reachable
   fun:malloc
   fun:xmalloc
   fun:rl_make_bare_keymap
   fun:rl_generic_bind
   fun:rl_bind_keyseq_if_unbound_in_map
   obj:/usr/lib/x86_64-linux-gnu/libreadline.so.8.2
   fun:_rl_init_terminal_io
   fun:rl_initialize
   fun:readline
   fun:main
}
==2437== 8,224 bytes in 2 blocks are still reachable in loss record 65 of 75
==2437==    at 0x4846828: malloc (in /usr/libexec/valgrind/vgpreload_memcheck-amd64-linux.so)
==2437==    by 0x48A30EC: xmalloc (in /usr/lib/x86_64-linux-gnu/libreadline.so.8.2)
==2437==    by 0x487E4E1: rl_make_bare_keymap (in /usr/lib/x86_64-linux-gnu/libreadline.so.8.2)
==2437==    by 0x487F398: rl_generic_bind (in /usr/lib/x86_64-linux-gnu/libreadline.so.8.2)
==2437==    by 0x488A315: rl_bind_keyseq_if_unbound_in_map (in /usr/lib/x86_64-linux-gnu/libreadline.so.8.2)
==2437==    by 0x489E858: ??? (in /usr/lib/x86_64-linux-gnu/libreadline.so.8.2)
==2437==    by 0x489EE30: _rl_init_terminal_io (in /usr/lib/x86_64-linux-gnu/libreadline.so.8.2)
==2437==    by 0x488A5D7: rl_initialize (in /usr/lib/x86_64-linux-gnu/libreadline.so.8.2)
==2437==    by 0x488A896: readline (in /usr/lib/x86_64-linux-gnu/libreadline.so.8.2)
==2437==    by 0x109442: main (main.c:83)
==2437== 
{
   <insert_a_suppression_name_here>
   Memcheck:Leak
   match-leak-kinds: reachable
   fun:malloc
   fun:xmalloc
   fun:rl_make_bare_keymap
   fun:rl_generic_bind
   fun:rl_bind_keyseq_if_unbound_in_map
   obj:/usr/lib/x86_64-linux-gnu/libreadline.so.8.2
   fun:_rl_init_terminal_io
   fun:rl_initialize
   fun:readline
   fun:main
}
==2437== 8,224 bytes in 2 blocks are still reachable in loss record 66 of 75
==2437==    at 0x4846828: malloc (in /usr/libexec/valgrind/vgpreload_memcheck-amd64-linux.so)
==2437==    by 0x48A30EC: xmalloc (in /usr/lib/x86_64-linux-gnu/libreadline.so.8.2)
==2437==    by 0x487E4E1: rl_make_bare_keymap (in /usr/lib/x86_64-linux-gnu/libreadline.so.8.2)
==2437==    by 0x487F398: rl_generic_bind (in /usr/lib/x86_64-linux-gnu/libreadline.so.8.2)
==2437==    by 0x488A315: rl_bind_keyseq_if_unbound_in_map (in /usr/lib/x86_64-linux-gnu/libreadline.so.8.2)
==2437==    by 0x489E7E6: ??? (in /usr/lib/x86_64-linux-gnu/libreadline.so.8.2)
==2437==    by 0x489EE3C: _rl_init_terminal_io (in /usr/lib/x86_64-linux-gnu/libreadline.so.8.2)
==2437==    by 0x488A5D7: rl_initialize (in /usr/lib/x86_64-linux-gnu/libreadline.so.8.2)
==2437==    by 0x488A896: readline (in /usr/lib/x86_64-linux-gnu/libreadline.so.8.2)
==2437==    by 0x109442: main (main.c:83)
==2437== 
{
   <insert_a_suppression_name_here>
   Memcheck:Leak
   match-leak-kinds: reachable
   fun:malloc
   fun:xmalloc
   fun:rl_make_bare_keymap
   fun:rl_generic_bind
   fun:rl_bind_keyseq_if_unbound_in_map
   obj:/usr/lib/x86_64-linux-gnu/libreadline.so.8.2
   fun:_rl_init_terminal_io
   fun:rl_initialize
   fun:readline
   fun:main
}
==2437== 8,224 bytes in 2 blocks are still reachable in loss record 67 of 75
==2437==    at 0x4846828: malloc (in /usr/libexec/valgrind/vgpreload_memcheck-amd64-linux.so)
==2437==    by 0x48A30EC: xmalloc (in /usr/lib/x86_64-linux-gnu/libreadline.so.8.2)
==2437==    by 0x487E4E1: rl_make_bare_keymap (in /usr/lib/x86_64-linux-gnu/libreadline.so.8.2)
==2437==    by 0x487F398: rl_generic_bind (in /usr/lib/x86_64-linux-gnu/libreadline.so.8.2)
==2437==    by 0x488A315: rl_bind_keyseq_if_unbound_in_map (in /usr/lib/x86_64-linux-gnu/libreadline.so.8.2)
==2437==    by 0x489E858: ??? (in /usr/lib/x86_64-linux-gnu/libreadline.so.8.2)
==2437==    by 0x489EE3C: _rl_init_terminal_io (in /usr/lib/x86_64-linux-gnu/libreadline.so.8.2)
==2437==    by 0x488A5D7: rl_initialize (in /usr/lib/x86_64-linux-gnu/libreadline.so.8.2)
==2437==    by 0x488A896: readline (in /usr/lib/x86_64-linux-gnu/libreadline.so.8.2)
==2437==    by 0x109442: main (main.c:83)
==2437== 
{
   <insert_a_suppression_name_here>
   Memcheck:Leak
   match-leak-kinds: reachable
   fun:malloc
   fun:xmalloc
   fun:rl_make_bare_keymap
   fun:rl_generic_bind
   fun:rl_bind_keyseq_if_unbound_in_map
   obj:/usr/lib/x86_64-linux-gnu/libreadline.so.8.2
   fun:_rl_init_terminal_io
   fun:rl_initialize
   fun:readline
   fun:main
}
==2437== 8,224 bytes in 2 blocks are still reachable in loss record 68 of 75
==2437==    at 0x4846828: malloc (in /usr/libexec/valgrind/vgpreload_memcheck-amd64-linux.so)
==2437==    by 0x48A30EC: xmalloc (in /usr/lib/x86_64-linux-gnu/libreadline.so.8.2)
==2437==    by 0x487E4E1: rl_make_bare_keymap (in /usr/lib/x86_64-linux-gnu/libreadline.so.8.2)
==2437==    by 0x487F398: rl_generic_bind (in /usr/lib/x86_64-linux-gnu/libreadline.so.8.2)
==2437==    by 0x488A315: rl_bind_keyseq_if_unbound_in_map (in /usr/lib/x86_64-linux-gnu/libreadline.so.8.2)
==2437==    by 0x488A4FF: ??? (in /usr/lib/x86_64-linux-gnu/libreadline.so.8.2)
==2437==    by 0x488A64C: rl_initialize (in /usr/lib/x86_64-linux-gnu/libreadline.so.8.2)
==2437==    by 0x488A896: readline (in /usr/lib/x86_64-linux-gnu/libreadline.so.8.2)
==2437==    by 0x109442: main (main.c:83)
==2437== 
{
   <insert_a_suppression_name_here>
   Memcheck:Leak
   match-leak-kinds: reachable
   fun:malloc
   fun:xmalloc
   fun:rl_make_bare_keymap
   fun:rl_generic_bind
   fun:rl_bind_keyseq_if_unbound_in_map
   obj:/usr/lib/x86_64-linux-gnu/libreadline.so.8.2
   fun:rl_initialize
   fun:readline
   fun:main
}
==2437== 8,224 bytes in 2 blocks are still reachable in loss record 69 of 75
==2437==    at 0x4846828: malloc (in /usr/libexec/valgrind/vgpreload_memcheck-amd64-linux.so)
==2437==    by 0x48A30EC: xmalloc (in /usr/lib/x86_64-linux-gnu/libreadline.so.8.2)
==2437==    by 0x487E4E1: rl_make_bare_keymap (in /usr/lib/x86_64-linux-gnu/libreadline.so.8.2)
==2437==    by 0x487F398: rl_generic_bind (in /usr/lib/x86_64-linux-gnu/libreadline.so.8.2)
==2437==    by 0x488A315: rl_bind_keyseq_if_unbound_in_map (in /usr/lib/x86_64-linux-gnu/libreadline.so.8.2)
==2437==    by 0x488A4FF: ??? (in /usr/lib/x86_64-linux-gnu/libreadline.so.8.2)
==2437==    by 0x488A65B: rl_initialize (in /usr/lib/x86_64-linux-gnu/libreadline.so.8.2)
==2437==    by 0x488A896: readline (in /usr/lib/x86_64-linux-gnu/libreadline.so.8.2)
==2437==    by 0x109442: main (main.c:83)
==2437== 
{
   <insert_a_suppression_name_here>
   Memcheck:Leak
   match-leak-kinds: reachable
   fun:malloc
   fun:xmalloc
   fun:rl_make_bare_keymap
   fun:rl_generic_bind
   fun:rl_bind_keyseq_if_unbound_in_map
   obj:/usr/lib/x86_64-linux-gnu/libreadline.so.8.2
   fun:rl_initialize
   fun:readline
   fun:main
}
==2437== 8,224 bytes in 2 blocks are still reachable in loss record 70 of 75
==2437==    at 0x4846828: malloc (in /usr/libexec/valgrind/vgpreload_memcheck-amd64-linux.so)
==2437==    by 0x48A30EC: xmalloc (in /usr/lib/x86_64-linux-gnu/libreadline.so.8.2)
==2437==    by 0x487E4E1: rl_make_bare_keymap (in /usr/lib/x86_64-linux-gnu/libreadline.so.8.2)
==2437==    by 0x487F398: rl_generic_bind (in /usr/lib/x86_64-linux-gnu/libreadline.so.8.2)
==2437==    by 0x488A315: rl_bind_keyseq_if_unbound_in_map (in /usr/lib/x86_64-linux-gnu/libreadline.so.8.2)
==2437==    by 0x488A4FF: ??? (in /usr/lib/x86_64-linux-gnu/libreadline.so.8.2)
==2437==    by 0x488A67C: rl_initialize (in /usr/lib/x86_64-linux-gnu/libreadline.so.8.2)
==2437==    by 0x488A896: readline (in /usr/lib/x86_64-linux-gnu/libreadline.so.8.2)
==2437==    by 0x109442: main (main.c:83)
==2437== 
{
   <insert_a_suppression_name_here>
   Memcheck:Leak
   match-leak-kinds: reachable
   fun:malloc
   fun:xmalloc
   fun:rl_make_bare_keymap
   fun:rl_generic_bind
   fun:rl_bind_keyseq_if_unbound_in_map
   obj:/usr/lib/x86_64-linux-gnu/libreadline.so.8.2
   fun:rl_initialize
   fun:readline
   fun:main
}
==2437== 8,224 bytes in 2 blocks are still reachable in loss record 71 of 75
==2437==    at 0x4846828: malloc (in /usr/libexec/valgrind/vgpreload_memcheck-amd64-linux.so)
==2437==    by 0x48A30EC: xmalloc (in /usr/lib/x86_64-linux-gnu/libreadline.so.8.2)
==2437==    by 0x487E4E1: rl_make_bare_keymap (in /usr/lib/x86_64-linux-gnu/libreadline.so.8.2)
==2437==    by 0x487F398: rl_generic_bind (in /usr/lib/x86_64-linux-gnu/libreadline.so.8.2)
==2437==    by 0x488A315: rl_bind_keyseq_if_unbound_in_map (in /usr/lib/x86_64-linux-gnu/libreadline.so.8.2)
==2437==    by 0x488A696: rl_initialize (in /usr/lib/x86_64-linux-gnu/libreadline.so.8.2)
==2437==    by 0x488A896: readline (in /usr/lib/x86_64-linux-gnu/libreadline.so.8.2)
==2437==    by 0x109442: main (main.c:83)
==2437== 
{
   <insert_a_suppression_name_here>
   Memcheck:Leak
   match-leak-kinds: reachable
   fun:malloc
   fun:xmalloc
   fun:rl_make_bare_keymap
   fun:rl_generic_bind
   fun:rl_bind_keyseq_if_unbound_in_map
   fun:rl_initialize
   fun:readline
   fun:main
}
==2437== 8,224 bytes in 2 blocks are still reachable in loss record 72 of 75
==2437==    at 0x4846828: malloc (in /usr/libexec/valgrind/vgpreload_memcheck-amd64-linux.so)
==2437==    by 0x48A30EC: xmalloc (in /usr/lib/x86_64-linux-gnu/libreadline.so.8.2)
==2437==    by 0x487E4E1: rl_make_bare_keymap (in /usr/lib/x86_64-linux-gnu/libreadline.so.8.2)
==2437==    by 0x487F398: rl_generic_bind (in /usr/lib/x86_64-linux-gnu/libreadline.so.8.2)
==2437==    by 0x488A315: rl_bind_keyseq_if_unbound_in_map (in /usr/lib/x86_64-linux-gnu/libreadline.so.8.2)
==2437==    by 0x488A6AC: rl_initialize (in /usr/lib/x86_64-linux-gnu/libreadline.so.8.2)
==2437==    by 0x488A896: readline (in /usr/lib/x86_64-linux-gnu/libreadline.so.8.2)
==2437==    by 0x109442: main (main.c:83)
==2437== 
{
   <insert_a_suppression_name_here>
   Memcheck:Leak
   match-leak-kinds: reachable
   fun:malloc
   fun:xmalloc
   fun:rl_make_bare_keymap
   fun:rl_generic_bind
   fun:rl_bind_keyseq_if_unbound_in_map
   fun:rl_initialize
   fun:readline
   fun:main
}
==2437== 12,336 bytes in 3 blocks are still reachable in loss record 73 of 75
==2437==    at 0x4846828: malloc (in /usr/libexec/valgrind/vgpreload_memcheck-amd64-linux.so)
==2437==    by 0x48A30EC: xmalloc (in /usr/lib/x86_64-linux-gnu/libreadline.so.8.2)
==2437==    by 0x487E4E1: rl_make_bare_keymap (in /usr/lib/x86_64-linux-gnu/libreadline.so.8.2)
==2437==    by 0x487F398: rl_generic_bind (in /usr/lib/x86_64-linux-gnu/libreadline.so.8.2)
==2437==    by 0x488A315: rl_bind_keyseq_if_unbound_in_map (in /usr/lib/x86_64-linux-gnu/libreadline.so.8.2)
==2437==    by 0x488A4D6: ??? (in /usr/lib/x86_64-linux-gnu/libreadline.so.8.2)
==2437==    by 0x488A65B: rl_initialize (in /usr/lib/x86_64-linux-gnu/libreadline.so.8.2)
==2437==    by 0x488A896: readline (in /usr/lib/x86_64-linux-gnu/libreadline.so.8.2)
==2437==    by 0x109442: main (main.c:83)
==2437== 
{
   <insert_a_suppression_name_here>
   Memcheck:Leak
   match-leak-kinds: reachable
   fun:malloc
   fun:xmalloc
   fun:rl_make_bare_keymap
   fun:rl_generic_bind
   fun:rl_bind_keyseq_if_unbound_in_map
   obj:/usr/lib/x86_64-linux-gnu/libreadline.so.8.2
   fun:rl_initialize
   fun:readline
   fun:main
}
==2437== 12,336 bytes in 3 blocks are still reachable in loss record 74 of 75
==2437==    at 0x4846828: malloc (in /usr/libexec/valgrind/vgpreload_memcheck-amd64-linux.so)
==2437==    by 0x48A30EC: xmalloc (in /usr/lib/x86_64-linux-gnu/libreadline.so.8.2)
==2437==    by 0x487E4E1: rl_make_bare_keymap (in /usr/lib/x86_64-linux-gnu/libreadline.so.8.2)
==2437==    by 0x487F398: rl_generic_bind (in /usr/lib/x86_64-linux-gnu/libreadline.so.8.2)
==2437==    by 0x488A315: rl_bind_keyseq_if_unbound_in_map (in /usr/lib/x86_64-linux-gnu/libreadline.so.8.2)
==2437==    by 0x488A4D6: ??? (in /usr/lib/x86_64-linux-gnu/libreadline.so.8.2)
==2437==    by 0x488A67C: rl_initialize (in /usr/lib/x86_64-linux-gnu/libreadline.so.8.2)
==2437==    by 0x488A896: readline (in /usr/lib/x86_64-linux-gnu/libreadline.so.8.2)
==2437==    by 0x109442: main (main.c:83)
==2437== 
{
   <insert_a_suppression_name_here>
   Memcheck:Leak
   match-leak-kinds: reachable
   fun:malloc
   fun:xmalloc
   fun:rl_make_bare_keymap
   fun:rl_generic_bind
   fun:rl_bind_keyseq_if_unbound_in_map
   obj:/usr/lib/x86_64-linux-gnu/libreadline.so.8.2
   fun:rl_initialize
   fun:readline
   fun:main
}
==2437== 24,672 bytes in 6 blocks are still reachable in loss record 75 of 75
==2437==    at 0x4846828: malloc (in /usr/libexec/valgrind/vgpreload_memcheck-amd64-linux.so)
==2437==    by 0x48A30EC: xmalloc (in /usr/lib/x86_64-linux-gnu/libreadline.so.8.2)
==2437==    by 0x487E4E1: rl_make_bare_keymap (in /usr/lib/x86_64-linux-gnu/libreadline.so.8.2)
==2437==    by 0x487F398: rl_generic_bind (in /usr/lib/x86_64-linux-gnu/libreadline.so.8.2)
==2437==    by 0x48908A1: rl_parse_and_bind (in /usr/lib/x86_64-linux-gnu/libreadline.so.8.2)
==2437==    by 0x4890AAB: ??? (in /usr/lib/x86_64-linux-gnu/libreadline.so.8.2)
==2437==    by 0x488A600: rl_initialize (in /usr/lib/x86_64-linux-gnu/libreadline.so.8.2)
==2437==    by 0x488A896: readline (in /usr/lib/x86_64-linux-gnu/libreadline.so.8.2)
==2437==    by 0x109442: main (main.c:83)
==2437== 
{
   <insert_a_suppression_name_here>
   Memcheck:Leak
   match-leak-kinds: reachable
   fun:malloc
   fun:xmalloc
   fun:rl_make_bare_keymap
   fun:rl_generic_bind
   fun:rl_parse_and_bind
   obj:/usr/lib/x86_64-linux-gnu/libreadline.so.8.2
   fun:rl_initialize
   fun:readline
   fun:main
}
==2437== LEAK SUMMARY:
==2437==    definitely lost: 13 bytes in 1 blocks
==2437==    indirectly lost: 0 bytes in 0 blocks
==2437==      possibly lost: 0 bytes in 0 blocks
==2437==    still reachable: 228,784 bytes in 234 blocks
==2437==         suppressed: 0 bytes in 0 blocks
==2437== 
==2437== For lists of detected and suppressed errors, rerun with: -s
==2437== ERROR SUMMARY: 1 errors from 1 contexts (suppressed: 0 from 0)
